<html xmlns:math="http://exslt.org/math" xmlns:testng="http://testng.org">
   <head>
      <title>TestNG Results</title>
      <meta http-equiv="content-type" content="text/html; charset=utf-8"></meta>
      <meta http-equiv="pragma" content="no-cache"></meta>
      <meta http-equiv="cache-control" content="max-age=0"></meta>
      <meta http-equiv="cache-control" content="no-cache"></meta>
      <meta http-equiv="cache-control" content="no-store"></meta>
      <LINK rel="stylesheet" href="style.css"></LINK>
      <script type="text/javascript" src="main.js"></script>
   </head>
   <body>
      <table width="100%" style="font-size: 16px; margin-bottom: 10px;" cellspacing="1">
         <tr>
            <td width="100%">
               Test case
               
               <b>calling SpreadTheWord</b>
            </td>
            <td style="background-color: #FFBBBB; padding: 3px 3px 3px 0;" align="center">
               <div style="width: 50px;">1</div>
            </td>
            <td style="background-color: lightgreen; padding: 3px 3px 3px 0;" align="center">
               <div style="width: 50px;">0</div>
            </td>
            <td style="background-color: #FFFFBB; padding: 3px 3px 3px 0;" align="center">
               <div style="width: 50px;">0</div>
            </td>
            <td align="center" style="background-color: #eaf0f7; padding: 3px 3px 3px 0;">
               <div style="width: 50px;">1</div>
            </td>
            <td align="center"
                style="font-weight: bold; background-color: #eaf0f7; padding: 3px 3px 3px 0;">
               <div style="width: 50px;">0%</div>
            </td>
            <td style="background-color: #eaf0f7; padding: 3px 3px 3px 0;" align="center"
                nowrap="true">7m
               29s
               
            </td>
         </tr>
      </table>
      <div style="width: 200px;">
         <label for="groupMethodsCheckBox" style="font-weight: bold; margin: 0;">
            <input id="groupMethodsCheckBox" type="checkbox" onclick="switchTestMethodsView(this)"></input>
            Group by class
            
         </label>
         <br></br>
         <label for="methodsFilter_ALL" style="font-weight: bold; margin: 0;">
            <input id="methodsFilter_ALL" type="checkbox"
                   onclick="testMethodsFilterChanged(this, 'ALL')"></input>
            All
            
         </label>
      </div>
      <label for="methodsFilter_FAIL" style="margin-left: 20px;">
         <input id="methodsFilter_FAIL" type="checkbox"
                onclick="testMethodsFilterChanged(this, 'FAIL')"
                checked=""></input>
         Failed
         
      </label>
      <label for="methodsFilter_PASS">
         <input id="methodsFilter_PASS" type="checkbox"
                onclick="testMethodsFilterChanged(this, 'PASS')"
                checked=""></input>
         Passed
         
      </label>
      <label for="methodsFilter_SKIP">
         <input id="methodsFilter_SKIP" type="checkbox"
                onclick="testMethodsFilterChanged(this, 'SKIP')"
                checked=""></input>
         Skipped
         
      </label>
      <label for="methodsFilter_CONF">
         <input id="methodsFilter_CONF" type="checkbox"
                onclick="testMethodsFilterChanged(this, 'CONF')"></input>
         Config
         
      </label>
      <br></br>
      <div id="testMethodsByStatus">
         <table class="testMethodsTable" cellpadding="0" cellspacing="0">
            <tr class="methodsTableHeader">
               <td width="100%">Name</td>
               <td nowrap="true">Started</td>
               <td nowrap="true">Duration</td>
               <td>Exception</td>
            </tr>
            <tr id="test.SpreadTheWord_do_SpreadTheWord_byStatus_failed_FAIL1_row"
                class="testMethodStatusFAIL">
               <td width="100%" class="firstMethodCell">
                  <a onclick="toggleDetailsVisibility('test.SpreadTheWord_do_SpreadTheWord_byStatus_failed_FAIL1_details')">do_SpreadTheWord({DataRunmode=Y, TwitterConnectUrl=http://qa4.hsn.com/?ab_cd=1, PinterestConnectUrl=http://qa4.hsn.com/?ab_cd=1,
                     GooglePlusConnectUrl=http://qa4.hsn.com/?ab_cd=1, Result=false Timestamp: 2014-11-19T09:23:03-05:00, PinterestConnectUrlResponseCode=404,
                     InstagramConnectUrl=http://qa4.hsn.com/?ab_cd=1, DataRow=1, GooglePlusConnectUrlResponseCode=404, FacebookConnectUrlResponseCode=404,
                     YoutubeConnectUrl=http://qa4.hsn.com/?ab_cd=1, TwitterConnectUrlResponseCode=404, Report=SpreadTheWord_Report, InstagramConnectUrlResponseCode=404,
                     FacebookConnectUrl=http://qa4.hsn.com/?ab_cd=1, YoutubeConnectUrlResponseCode=404, Browser=Mozilla})
                  </a>
               </td>
               <td nowrap="true">20:39:55</td>
               <td nowrap="true" align="right">7m
                  29s
                  
               </td>
               <td nowrap="true">
                  <a onclick="toggleDetailsVisibility('test.SpreadTheWord_do_SpreadTheWord_byStatus_failed_FAIL1_exception')">java.lang.AssertionError: 
                     Test case SpreadTheWord has failed due to one of its steps not returning pass status expected [true] but found [false]
                     
                  </a>
                   
                  
               </td>
            </tr>
            <tr>
               <td colspan="4" class="detailsBox">
                  <div id="test.SpreadTheWord_do_SpreadTheWord_byStatus_failed_FAIL1_details"
                       class="testMethodDetails">
                     <div>
                        <b>Name: </b>do_SpreadTheWord
                     </div>
                     <div>
                        <b>Signature: </b>do_SpreadTheWord(java.util.Hashtable)[pri:0, instance:[SpreadTheWord passed=0 failed=0 skipped=0]]
                     </div>
                     <div>
                        <b>Parameters: </b>
                        
                        {DataRunmode=Y, TwitterConnectUrl=http://qa4.hsn.com/?ab_cd=1, PinterestConnectUrl=http://qa4.hsn.com/?ab_cd=1, GooglePlusConnectUrl=http://qa4.hsn.com/?ab_cd=1,
                        Result=false Timestamp: 2014-11-19T09:23:03-05:00, PinterestConnectUrlResponseCode=404, InstagramConnectUrl=http://qa4.hsn.com/?ab_cd=1,
                        DataRow=1, GooglePlusConnectUrlResponseCode=404, FacebookConnectUrlResponseCode=404, YoutubeConnectUrl=http://qa4.hsn.com/?ab_cd=1,
                        TwitterConnectUrlResponseCode=404, Report=SpreadTheWord_Report, InstagramConnectUrlResponseCode=404, FacebookConnectUrl=http://qa4.hsn.com/?ab_cd=1,
                        YoutubeConnectUrlResponseCode=404, Browser=Mozilla}
                        
                        
                     </div>
                     <div>
                        <b>Start time: </b>20:39:55
                     </div>
                     <div>
                        <b>End time: </b>20:47:24
                     </div>
                     <div>
                        <b>Duration: </b>7m
                        29s
                        
                     </div>
                  </div>
               </td>
            </tr>
            <tr>
               <td colspan="4" class="detailsBox">
                  <div id="test.SpreadTheWord_do_SpreadTheWord_byStatus_failed_FAIL1_exception"
                       class="testMethodDetails">
                     <pre style="padding: 5px; margin: 0;">java.lang.AssertionError: Test case SpreadTheWord has failed due to one of its steps not returning pass status expected [true]
                        but found [false]
                        	at org.testng.Assert.fail(Assert.java:94)
                        	at org.testng.Assert.failNotEquals(Assert.java:494)
                        	at org.testng.Assert.assertTrue(Assert.java:42)
                        	at com.hsn.util.KeywordExecutor.ExecuteKeywords(KeywordExecutor.java:152)
                        	at test.SpreadTheWord.do_SpreadTheWord(SpreadTheWord.java:38)
                        	at sun.reflect.NativeMethodAccessorImpl.invoke0(Native Method)
                        	at sun.reflect.NativeMethodAccessorImpl.invoke(NativeMethodAccessorImpl.java:57)
                        	at sun.reflect.DelegatingMethodAccessorImpl.invoke(DelegatingMethodAccessorImpl.java:43)
                        	at java.lang.reflect.Method.invoke(Method.java:601)
                        	at org.testng.internal.MethodInvocationHelper.invokeMethod(MethodInvocationHelper.java:84)
                        	at org.testng.internal.Invoker.invokeMethod(Invoker.java:714)
                        	at org.testng.internal.Invoker.invokeTestMethod(Invoker.java:901)
                        	at org.testng.internal.Invoker.invokeTestMethods(Invoker.java:1231)
                        	at org.testng.internal.TestMethodWorker.invokeTestMethods(TestMethodWorker.java:127)
                        	at org.testng.internal.TestMethodWorker.run(TestMethodWorker.java:111)
                        	at org.testng.TestRunner.privateRun(TestRunner.java:767)
                        	at org.testng.TestRunner.run(TestRunner.java:617)
                        	at org.testng.SuiteRunner.runTest(SuiteRunner.java:334)
                        	at org.testng.SuiteRunner.runSequentially(SuiteRunner.java:329)
                        	at org.testng.SuiteRunner.privateRun(SuiteRunner.java:291)
                        	at org.testng.SuiteRunner.run(SuiteRunner.java:240)
                        	at org.testng.SuiteRunnerWorker.runSuite(SuiteRunnerWorker.java:52)
                        	at org.testng.SuiteRunnerWorker.run(SuiteRunnerWorker.java:86)
                        	at org.testng.TestNG.runSuitesSequentially(TestNG.java:1224)
                        	at org.testng.TestNG.runSuitesLocally(TestNG.java:1149)
                        	at org.testng.TestNG.run(TestNG.java:1057)
                        	at org.testng.TestNG.privateMain(TestNG.java:1364)
                        	at org.testng.TestNG.main(TestNG.java:1333)
                     </pre>
                  </div>
               </td>
            </tr>
            <tr id="test.SpreadTheWord_close_byStatus_passed_PASS1_row"
                class="testMethodStatusPASS testMethodStatusCONF">
               <td width="100%" class="firstMethodCell">
                  <a onclick="toggleDetailsVisibility('test.SpreadTheWord_close_byStatus_passed_PASS1_details')">close()</a>
               </td>
               <td nowrap="true">20:47:24</td>
               <td nowrap="true" align="right">0 ms
                  
               </td>
               <td nowrap="true">
                   
                  
               </td>
            </tr>
            <tr>
               <td colspan="4" class="detailsBox">
                  <div id="test.SpreadTheWord_close_byStatus_passed_PASS1_details"
                       class="testMethodDetails">
                     <div>
                        <b>Name: </b>close
                     </div>
                     <div>
                        <b>Signature: </b>close()[pri:0, instance:[SpreadTheWord passed=0 failed=0 skipped=0]]
                     </div>
                     <div>
                        <b>Start time: </b>20:47:24
                     </div>
                     <div>
                        <b>End time: </b>20:47:24
                     </div>
                     <div>
                        <b>Duration: </b>0 ms
                        
                     </div>
                  </div>
               </td>
            </tr>
            <tr></tr>
         </table>
      </div>
      <div id="testMethodsByClass" style="display: none;">
         <table class="testMethodsTable" cellpadding="0" cellspacing="0">
            <tr>
               <td colspan="4">
                  <h3 style="display: inline;">test.SpreadTheWord</h3>
               </td>
            </tr>
            <tr class="methodsTableHeader">
               <td width="100%">Name</td>
               <td nowrap="true">Started</td>
               <td nowrap="true">Duration</td>
               <td>Exception</td>
            </tr>
            <tr id="test.SpreadTheWord_do_SpreadTheWord_byClass_FAIL1_row"
                class="testMethodStatusFAIL">
               <td width="100%" class="firstMethodCell">
                  <a onclick="toggleDetailsVisibility('test.SpreadTheWord_do_SpreadTheWord_byClass_FAIL1_details')">do_SpreadTheWord({DataRunmode=Y, TwitterConnectUrl=http://qa4.hsn.com/?ab_cd=1, PinterestConnectUrl=http://qa4.hsn.com/?ab_cd=1,
                     GooglePlusConnectUrl=http://qa4.hsn.com/?ab_cd=1, Result=false Timestamp: 2014-11-19T09:23:03-05:00, PinterestConnectUrlResponseCode=404,
                     InstagramConnectUrl=http://qa4.hsn.com/?ab_cd=1, DataRow=1, GooglePlusConnectUrlResponseCode=404, FacebookConnectUrlResponseCode=404,
                     YoutubeConnectUrl=http://qa4.hsn.com/?ab_cd=1, TwitterConnectUrlResponseCode=404, Report=SpreadTheWord_Report, InstagramConnectUrlResponseCode=404,
                     FacebookConnectUrl=http://qa4.hsn.com/?ab_cd=1, YoutubeConnectUrlResponseCode=404, Browser=Mozilla})
                  </a>
               </td>
               <td nowrap="true">20:39:55</td>
               <td nowrap="true" align="right">7m
                  29s
                  
               </td>
               <td nowrap="true">
                  <a onclick="toggleDetailsVisibility('test.SpreadTheWord_do_SpreadTheWord_byClass_FAIL1_exception')">java.lang.AssertionError: 
                     Test case SpreadTheWord has failed due to one of its steps not returning pass status expected [true] but found [false]
                     
                  </a>
                   
                  
               </td>
            </tr>
            <tr>
               <td colspan="4" class="detailsBox">
                  <div id="test.SpreadTheWord_do_SpreadTheWord_byClass_FAIL1_details"
                       class="testMethodDetails">
                     <div>
                        <b>Name: </b>do_SpreadTheWord
                     </div>
                     <div>
                        <b>Signature: </b>do_SpreadTheWord(java.util.Hashtable)[pri:0, instance:[SpreadTheWord passed=0 failed=0 skipped=0]]
                     </div>
                     <div>
                        <b>Parameters: </b>
                        
                        {DataRunmode=Y, TwitterConnectUrl=http://qa4.hsn.com/?ab_cd=1, PinterestConnectUrl=http://qa4.hsn.com/?ab_cd=1, GooglePlusConnectUrl=http://qa4.hsn.com/?ab_cd=1,
                        Result=false Timestamp: 2014-11-19T09:23:03-05:00, PinterestConnectUrlResponseCode=404, InstagramConnectUrl=http://qa4.hsn.com/?ab_cd=1,
                        DataRow=1, GooglePlusConnectUrlResponseCode=404, FacebookConnectUrlResponseCode=404, YoutubeConnectUrl=http://qa4.hsn.com/?ab_cd=1,
                        TwitterConnectUrlResponseCode=404, Report=SpreadTheWord_Report, InstagramConnectUrlResponseCode=404, FacebookConnectUrl=http://qa4.hsn.com/?ab_cd=1,
                        YoutubeConnectUrlResponseCode=404, Browser=Mozilla}
                        
                        
                     </div>
                     <div>
                        <b>Start time: </b>20:39:55
                     </div>
                     <div>
                        <b>End time: </b>20:47:24
                     </div>
                     <div>
                        <b>Duration: </b>7m
                        29s
                        
                     </div>
                  </div>
               </td>
            </tr>
            <tr>
               <td colspan="4" class="detailsBox">
                  <div id="test.SpreadTheWord_do_SpreadTheWord_byClass_FAIL1_exception"
                       class="testMethodDetails">
                     <pre style="padding: 5px; margin: 0;">java.lang.AssertionError: Test case SpreadTheWord has failed due to one of its steps not returning pass status expected [true]
                        but found [false]
                        	at org.testng.Assert.fail(Assert.java:94)
                        	at org.testng.Assert.failNotEquals(Assert.java:494)
                        	at org.testng.Assert.assertTrue(Assert.java:42)
                        	at com.hsn.util.KeywordExecutor.ExecuteKeywords(KeywordExecutor.java:152)
                        	at test.SpreadTheWord.do_SpreadTheWord(SpreadTheWord.java:38)
                        	at sun.reflect.NativeMethodAccessorImpl.invoke0(Native Method)
                        	at sun.reflect.NativeMethodAccessorImpl.invoke(NativeMethodAccessorImpl.java:57)
                        	at sun.reflect.DelegatingMethodAccessorImpl.invoke(DelegatingMethodAccessorImpl.java:43)
                        	at java.lang.reflect.Method.invoke(Method.java:601)
                        	at org.testng.internal.MethodInvocationHelper.invokeMethod(MethodInvocationHelper.java:84)
                        	at org.testng.internal.Invoker.invokeMethod(Invoker.java:714)
                        	at org.testng.internal.Invoker.invokeTestMethod(Invoker.java:901)
                        	at org.testng.internal.Invoker.invokeTestMethods(Invoker.java:1231)
                        	at org.testng.internal.TestMethodWorker.invokeTestMethods(TestMethodWorker.java:127)
                        	at org.testng.internal.TestMethodWorker.run(TestMethodWorker.java:111)
                        	at org.testng.TestRunner.privateRun(TestRunner.java:767)
                        	at org.testng.TestRunner.run(TestRunner.java:617)
                        	at org.testng.SuiteRunner.runTest(SuiteRunner.java:334)
                        	at org.testng.SuiteRunner.runSequentially(SuiteRunner.java:329)
                        	at org.testng.SuiteRunner.privateRun(SuiteRunner.java:291)
                        	at org.testng.SuiteRunner.run(SuiteRunner.java:240)
                        	at org.testng.SuiteRunnerWorker.runSuite(SuiteRunnerWorker.java:52)
                        	at org.testng.SuiteRunnerWorker.run(SuiteRunnerWorker.java:86)
                        	at org.testng.TestNG.runSuitesSequentially(TestNG.java:1224)
                        	at org.testng.TestNG.runSuitesLocally(TestNG.java:1149)
                        	at org.testng.TestNG.run(TestNG.java:1057)
                        	at org.testng.TestNG.privateMain(TestNG.java:1364)
                        	at org.testng.TestNG.main(TestNG.java:1333)
                     </pre>
                  </div>
               </td>
            </tr>
            <tr id="test.SpreadTheWord_close_byClass_PASS2_row"
                class="testMethodStatusPASS testMethodStatusCONF">
               <td width="100%" class="firstMethodCell">
                  <a onclick="toggleDetailsVisibility('test.SpreadTheWord_close_byClass_PASS2_details')">close()</a>
               </td>
               <td nowrap="true">20:47:24</td>
               <td nowrap="true" align="right">0 ms
                  
               </td>
               <td nowrap="true">
                   
                  
               </td>
            </tr>
            <tr>
               <td colspan="4" class="detailsBox">
                  <div id="test.SpreadTheWord_close_byClass_PASS2_details" class="testMethodDetails">
                     <div>
                        <b>Name: </b>close
                     </div>
                     <div>
                        <b>Signature: </b>close()[pri:0, instance:[SpreadTheWord passed=0 failed=0 skipped=0]]
                     </div>
                     <div>
                        <b>Start time: </b>20:47:24
                     </div>
                     <div>
                        <b>End time: </b>20:47:24
                     </div>
                     <div>
                        <b>Duration: </b>0 ms
                        
                     </div>
                  </div>
               </td>
            </tr>
            <tr></tr>
         </table>
         <br></br>
      </div>
      <div style="margin-top: 15px; color: gray; text-align: center; font-size: 9px;">
         Generated with
         
         <a href="http://code.google.com/p/testng-xslt/" style="color: #8888aa;"
            target="_blank">
            TestNG XSLT
            
         </a>
      </div>
   </body>
</html>