<html xmlns:math="http://exslt.org/math" xmlns:testng="http://testng.org">
   <head>
      <title>TestNG Results</title>
      <meta http-equiv="content-type" content="text/html; charset=utf-8"></meta>
      <meta http-equiv="pragma" content="no-cache"></meta>
      <meta http-equiv="cache-control" content="max-age=0"></meta>
      <meta http-equiv="cache-control" content="no-cache"></meta>
      <meta http-equiv="cache-control" content="no-store"></meta>
      <LINK rel="stylesheet" href="style.css"></LINK>
      <script type="text/javascript" src="main.js"></script>
   </head>
   <body>
      <table width="100%" style="font-size: 16px; margin-bottom: 10px;" cellspacing="1">
         <tr>
            <td width="100%">
               Test case
               
               <b>calling signinCheckoutExistingUserFlexPay</b>
            </td>
            <td style="background-color: #FFBBBB; padding: 3px 3px 3px 0;" align="center">
               <div style="width: 50px;">1</div>
            </td>
            <td style="background-color: lightgreen; padding: 3px 3px 3px 0;" align="center">
               <div style="width: 50px;">0</div>
            </td>
            <td style="background-color: #FFFFBB; padding: 3px 3px 3px 0;" align="center">
               <div style="width: 50px;">0</div>
            </td>
            <td align="center" style="background-color: #eaf0f7; padding: 3px 3px 3px 0;">
               <div style="width: 50px;">1</div>
            </td>
            <td align="center"
                style="font-weight: bold; background-color: #eaf0f7; padding: 3px 3px 3px 0;">
               <div style="width: 50px;">0%</div>
            </td>
            <td style="background-color: #eaf0f7; padding: 3px 3px 3px 0;" align="center"
                nowrap="true">3h
               3m
               19s
               
            </td>
         </tr>
      </table>
      <div style="width: 200px;">
         <label for="groupMethodsCheckBox" style="font-weight: bold; margin: 0;">
            <input id="groupMethodsCheckBox" type="checkbox" onclick="switchTestMethodsView(this)"></input>
            Group by class
            
         </label>
         <br></br>
         <label for="methodsFilter_ALL" style="font-weight: bold; margin: 0;">
            <input id="methodsFilter_ALL" type="checkbox"
                   onclick="testMethodsFilterChanged(this, 'ALL')"></input>
            All
            
         </label>
      </div>
      <label for="methodsFilter_FAIL" style="margin-left: 20px;">
         <input id="methodsFilter_FAIL" type="checkbox"
                onclick="testMethodsFilterChanged(this, 'FAIL')"
                checked=""></input>
         Failed
         
      </label>
      <label for="methodsFilter_PASS">
         <input id="methodsFilter_PASS" type="checkbox"
                onclick="testMethodsFilterChanged(this, 'PASS')"
                checked=""></input>
         Passed
         
      </label>
      <label for="methodsFilter_SKIP">
         <input id="methodsFilter_SKIP" type="checkbox"
                onclick="testMethodsFilterChanged(this, 'SKIP')"
                checked=""></input>
         Skipped
         
      </label>
      <label for="methodsFilter_CONF">
         <input id="methodsFilter_CONF" type="checkbox"
                onclick="testMethodsFilterChanged(this, 'CONF')"></input>
         Config
         
      </label>
      <br></br>
      <div id="testMethodsByStatus">
         <table class="testMethodsTable" cellpadding="0" cellspacing="0">
            <tr class="methodsTableHeader">
               <td width="100%">Name</td>
               <td nowrap="true">Started</td>
               <td nowrap="true">Duration</td>
               <td>Exception</td>
            </tr>
            <tr id="test.signinCheckoutExistingUserFlexPay_do_signinCheckoutExistingUserFlexPay_byStatus_failed_FAIL1_row"
                class="testMethodStatusFAIL">
               <td width="100%" class="firstMethodCell">
                  <a onclick="toggleDetailsVisibility('test.signinCheckoutExistingUserFlexPay_do_signinCheckoutExistingUserFlexPay_byStatus_failed_FAIL1_details')">do_signinCheckoutExistingUserFlexPay({PID=#key_PIDflexItem, Quantity=1, DataRunmode=Y, Result=true Timestamp: 2014-11-19T07:45:21-05:00,
                     DataRow=1, Password=password123, Report=signinCheckoutExistingUserFlexPay_Report, PrimaryPhoneNumber=#key_CommonAccountPhoneNumber3,
                     OrderId=195130387, Browser=Mozilla, NumberOfFlexPayments=2})
                  </a>
               </td>
               <td nowrap="true">16:33:00</td>
               <td nowrap="true" align="right">3h
                  3m
                  19s
                  
               </td>
               <td nowrap="true">
                  <a onclick="toggleDetailsVisibility('test.signinCheckoutExistingUserFlexPay_do_signinCheckoutExistingUserFlexPay_byStatus_failed_FAIL1_exception')">java.lang.reflect.InvocationTargetException: </a>
                   
                  
               </td>
            </tr>
            <tr>
               <td colspan="4" class="detailsBox">
                  <div id="test.signinCheckoutExistingUserFlexPay_do_signinCheckoutExistingUserFlexPay_byStatus_failed_FAIL1_details"
                       class="testMethodDetails">
                     <div>
                        <b>Name: </b>do_signinCheckoutExistingUserFlexPay
                     </div>
                     <div>
                        <b>Signature: </b>do_signinCheckoutExistingUserFlexPay(java.util.Hashtable)[pri:0, instance:[signinCheckoutExistingUserFlexPay passed=0 failed=0
                        skipped=0]]
                     </div>
                     <div>
                        <b>Parameters: </b>
                        
                        {PID=#key_PIDflexItem, Quantity=1, DataRunmode=Y, Result=true Timestamp: 2014-11-19T07:45:21-05:00, DataRow=1, Password=password123,
                        Report=signinCheckoutExistingUserFlexPay_Report, PrimaryPhoneNumber=#key_CommonAccountPhoneNumber3, OrderId=195130387, Browser=Mozilla,
                        NumberOfFlexPayments=2}
                        
                        
                     </div>
                     <div>
                        <b>Start time: </b>16:33:00
                     </div>
                     <div>
                        <b>End time: </b>19:36:18
                     </div>
                     <div>
                        <b>Duration: </b>3h
                        3m
                        19s
                        
                     </div>
                  </div>
               </td>
            </tr>
            <tr>
               <td colspan="4" class="detailsBox">
                  <div id="test.signinCheckoutExistingUserFlexPay_do_signinCheckoutExistingUserFlexPay_byStatus_failed_FAIL1_exception"
                       class="testMethodDetails">
                     <pre style="padding: 5px; margin: 0;">java.lang.reflect.InvocationTargetException
                        	at sun.reflect.GeneratedMethodAccessor7.invoke(Unknown Source)
                        	at sun.reflect.DelegatingMethodAccessorImpl.invoke(DelegatingMethodAccessorImpl.java:43)
                        	at java.lang.reflect.Method.invoke(Method.java:601)
                        	at com.hsn.util.KeywordExecutor.ExecuteKeywords(KeywordExecutor.java:116)
                        	at test.signinCheckoutExistingUserFlexPay.do_signinCheckoutExistingUserFlexPay(signinCheckoutExistingUserFlexPay.java:38)
                        	at sun.reflect.NativeMethodAccessorImpl.invoke0(Native Method)
                        	at sun.reflect.NativeMethodAccessorImpl.invoke(NativeMethodAccessorImpl.java:57)
                        	at sun.reflect.DelegatingMethodAccessorImpl.invoke(DelegatingMethodAccessorImpl.java:43)
                        	at java.lang.reflect.Method.invoke(Method.java:601)
                        	at org.testng.internal.MethodInvocationHelper.invokeMethod(MethodInvocationHelper.java:84)
                        	at org.testng.internal.Invoker.invokeMethod(Invoker.java:714)
                        	at org.testng.internal.Invoker.invokeTestMethod(Invoker.java:901)
                        	at org.testng.internal.Invoker.invokeTestMethods(Invoker.java:1231)
                        	at org.testng.internal.TestMethodWorker.invokeTestMethods(TestMethodWorker.java:127)
                        	at org.testng.internal.TestMethodWorker.run(TestMethodWorker.java:111)
                        	at org.testng.TestRunner.privateRun(TestRunner.java:767)
                        	at org.testng.TestRunner.run(TestRunner.java:617)
                        	at org.testng.SuiteRunner.runTest(SuiteRunner.java:334)
                        	at org.testng.SuiteRunner.runSequentially(SuiteRunner.java:329)
                        	at org.testng.SuiteRunner.privateRun(SuiteRunner.java:291)
                        	at org.testng.SuiteRunner.run(SuiteRunner.java:240)
                        	at org.testng.SuiteRunnerWorker.runSuite(SuiteRunnerWorker.java:52)
                        	at org.testng.SuiteRunnerWorker.run(SuiteRunnerWorker.java:86)
                        	at org.testng.TestNG.runSuitesSequentially(TestNG.java:1224)
                        	at org.testng.TestNG.runSuitesLocally(TestNG.java:1149)
                        	at org.testng.TestNG.run(TestNG.java:1057)
                        	at org.testng.TestNG.privateMain(TestNG.java:1364)
                        	at org.testng.TestNG.main(TestNG.java:1333)
                        Caused by: org.openqa.selenium.remote.UnreachableBrowserException: Error communicating with the remote browser. It may have
                        died.
                        Build info: version: '2.43.0', revision: '597b76b', time: '2014-09-09 20:52:38'
                        System info: host: 'WS0122985', ip: '10.17.225.21', os.name: 'Windows 7', os.arch: 'amd64', os.version: '6.1', java.version:
                        '1.7.0_13'
                        Driver info: driver.version: FirefoxDriver
                        	at org.openqa.selenium.remote.RemoteWebDriver.execute(RemoteWebDriver.java:593)
                        	at org.openqa.selenium.firefox.FirefoxDriver.access$0(FirefoxDriver.java:1)
                        	at org.openqa.selenium.firefox.FirefoxDriver$1$1.implicitlyWait(FirefoxDriver.java:219)
                        	at com.hsn.util.Keywords.closeModals(Keywords.java:564)
                        	at com.hsn.util.Keywords.writeInInput(Keywords.java:1444)
                        	... 28 more
                        Caused by: java.net.SocketTimeoutException: Read timed out
                        	at java.net.SocketInputStream.socketRead0(Native Method)
                        	at java.net.SocketInputStream.read(SocketInputStream.java:150)
                        	at java.net.SocketInputStream.read(SocketInputStream.java:121)
                        	at org.apache.http.impl.conn.LoggingInputStream.read(LoggingInputStream.java:87)
                        	at org.apache.http.impl.io.SessionInputBufferImpl.streamRead(SessionInputBufferImpl.java:136)
                        	at org.apache.http.impl.io.SessionInputBufferImpl.fillBuffer(SessionInputBufferImpl.java:152)
                        	at org.apache.http.impl.io.SessionInputBufferImpl.readLine(SessionInputBufferImpl.java:270)
                        	at org.apache.http.impl.conn.DefaultHttpResponseParser.parseHead(DefaultHttpResponseParser.java:140)
                        	at org.apache.http.impl.conn.DefaultHttpResponseParser.parseHead(DefaultHttpResponseParser.java:57)
                        	at org.apache.http.impl.io.AbstractMessageParser.parse(AbstractMessageParser.java:260)
                        	at org.apache.http.impl.DefaultBHttpClientConnection.receiveResponseHeader(DefaultBHttpClientConnection.java:161)
                        	at org.apache.http.impl.conn.CPoolProxy.receiveResponseHeader(CPoolProxy.java:153)
                        	at org.apache.http.protocol.HttpRequestExecutor.doReceiveResponse(HttpRequestExecutor.java:271)
                        	at org.apache.http.protocol.HttpRequestExecutor.execute(HttpRequestExecutor.java:123)
                        	at org.apache.http.impl.execchain.MainClientExec.execute(MainClientExec.java:254)
                        	at org.apache.http.impl.execchain.ProtocolExec.execute(ProtocolExec.java:195)
                        	at org.apache.http.impl.execchain.RetryExec.execute(RetryExec.java:86)
                        	at org.apache.http.impl.execchain.RedirectExec.execute(RedirectExec.java:108)
                        	at org.apache.http.impl.client.InternalHttpClient.doExecute(InternalHttpClient.java:184)
                        	at org.apache.http.impl.client.CloseableHttpClient.execute(CloseableHttpClient.java:72)
                        	at org.apache.http.impl.client.CloseableHttpClient.execute(CloseableHttpClient.java:57)
                        	at org.openqa.selenium.remote.HttpCommandExecutor.fallBackExecute(HttpCommandExecutor.java:215)
                        	at org.openqa.selenium.remote.HttpCommandExecutor.execute(HttpCommandExecutor.java:184)
                        	at org.openqa.selenium.firefox.internal.NewProfileExtensionConnection.execute(NewProfileExtensionConnection.java:165)
                        	at org.openqa.selenium.firefox.FirefoxDriver$LazyCommandExecutor.execute(FirefoxDriver.java:364)
                        	at org.openqa.selenium.remote.RemoteWebDriver.execute(RemoteWebDriver.java:572)
                        	... 32 more
                     </pre>
                  </div>
               </td>
            </tr>
            <tr id="test.signinCheckoutExistingUserFlexPay_close_byStatus_passed_PASS1_row"
                class="testMethodStatusPASS testMethodStatusCONF">
               <td width="100%" class="firstMethodCell">
                  <a onclick="toggleDetailsVisibility('test.signinCheckoutExistingUserFlexPay_close_byStatus_passed_PASS1_details')">close()</a>
               </td>
               <td nowrap="true">19:36:18</td>
               <td nowrap="true" align="right">0 ms
                  
               </td>
               <td nowrap="true">
                   
                  
               </td>
            </tr>
            <tr>
               <td colspan="4" class="detailsBox">
                  <div id="test.signinCheckoutExistingUserFlexPay_close_byStatus_passed_PASS1_details"
                       class="testMethodDetails">
                     <div>
                        <b>Name: </b>close
                     </div>
                     <div>
                        <b>Signature: </b>close()[pri:0, instance:[signinCheckoutExistingUserFlexPay passed=0 failed=0 skipped=0]]
                     </div>
                     <div>
                        <b>Start time: </b>19:36:18
                     </div>
                     <div>
                        <b>End time: </b>19:36:18
                     </div>
                     <div>
                        <b>Duration: </b>0 ms
                        
                     </div>
                  </div>
               </td>
            </tr>
            <tr></tr>
         </table>
      </div>
      <div id="testMethodsByClass" style="display: none;">
         <table class="testMethodsTable" cellpadding="0" cellspacing="0">
            <tr>
               <td colspan="4">
                  <h3 style="display: inline;">test.signinCheckoutExistingUserFlexPay</h3>
               </td>
            </tr>
            <tr class="methodsTableHeader">
               <td width="100%">Name</td>
               <td nowrap="true">Started</td>
               <td nowrap="true">Duration</td>
               <td>Exception</td>
            </tr>
            <tr id="test.signinCheckoutExistingUserFlexPay_do_signinCheckoutExistingUserFlexPay_byClass_FAIL1_row"
                class="testMethodStatusFAIL">
               <td width="100%" class="firstMethodCell">
                  <a onclick="toggleDetailsVisibility('test.signinCheckoutExistingUserFlexPay_do_signinCheckoutExistingUserFlexPay_byClass_FAIL1_details')">do_signinCheckoutExistingUserFlexPay({PID=#key_PIDflexItem, Quantity=1, DataRunmode=Y, Result=true Timestamp: 2014-11-19T07:45:21-05:00,
                     DataRow=1, Password=password123, Report=signinCheckoutExistingUserFlexPay_Report, PrimaryPhoneNumber=#key_CommonAccountPhoneNumber3,
                     OrderId=195130387, Browser=Mozilla, NumberOfFlexPayments=2})
                  </a>
               </td>
               <td nowrap="true">16:33:00</td>
               <td nowrap="true" align="right">3h
                  3m
                  19s
                  
               </td>
               <td nowrap="true">
                  <a onclick="toggleDetailsVisibility('test.signinCheckoutExistingUserFlexPay_do_signinCheckoutExistingUserFlexPay_byClass_FAIL1_exception')">java.lang.reflect.InvocationTargetException: </a>
                   
                  
               </td>
            </tr>
            <tr>
               <td colspan="4" class="detailsBox">
                  <div id="test.signinCheckoutExistingUserFlexPay_do_signinCheckoutExistingUserFlexPay_byClass_FAIL1_details"
                       class="testMethodDetails">
                     <div>
                        <b>Name: </b>do_signinCheckoutExistingUserFlexPay
                     </div>
                     <div>
                        <b>Signature: </b>do_signinCheckoutExistingUserFlexPay(java.util.Hashtable)[pri:0, instance:[signinCheckoutExistingUserFlexPay passed=0 failed=0
                        skipped=0]]
                     </div>
                     <div>
                        <b>Parameters: </b>
                        
                        {PID=#key_PIDflexItem, Quantity=1, DataRunmode=Y, Result=true Timestamp: 2014-11-19T07:45:21-05:00, DataRow=1, Password=password123,
                        Report=signinCheckoutExistingUserFlexPay_Report, PrimaryPhoneNumber=#key_CommonAccountPhoneNumber3, OrderId=195130387, Browser=Mozilla,
                        NumberOfFlexPayments=2}
                        
                        
                     </div>
                     <div>
                        <b>Start time: </b>16:33:00
                     </div>
                     <div>
                        <b>End time: </b>19:36:18
                     </div>
                     <div>
                        <b>Duration: </b>3h
                        3m
                        19s
                        
                     </div>
                  </div>
               </td>
            </tr>
            <tr>
               <td colspan="4" class="detailsBox">
                  <div id="test.signinCheckoutExistingUserFlexPay_do_signinCheckoutExistingUserFlexPay_byClass_FAIL1_exception"
                       class="testMethodDetails">
                     <pre style="padding: 5px; margin: 0;">java.lang.reflect.InvocationTargetException
                        	at sun.reflect.GeneratedMethodAccessor7.invoke(Unknown Source)
                        	at sun.reflect.DelegatingMethodAccessorImpl.invoke(DelegatingMethodAccessorImpl.java:43)
                        	at java.lang.reflect.Method.invoke(Method.java:601)
                        	at com.hsn.util.KeywordExecutor.ExecuteKeywords(KeywordExecutor.java:116)
                        	at test.signinCheckoutExistingUserFlexPay.do_signinCheckoutExistingUserFlexPay(signinCheckoutExistingUserFlexPay.java:38)
                        	at sun.reflect.NativeMethodAccessorImpl.invoke0(Native Method)
                        	at sun.reflect.NativeMethodAccessorImpl.invoke(NativeMethodAccessorImpl.java:57)
                        	at sun.reflect.DelegatingMethodAccessorImpl.invoke(DelegatingMethodAccessorImpl.java:43)
                        	at java.lang.reflect.Method.invoke(Method.java:601)
                        	at org.testng.internal.MethodInvocationHelper.invokeMethod(MethodInvocationHelper.java:84)
                        	at org.testng.internal.Invoker.invokeMethod(Invoker.java:714)
                        	at org.testng.internal.Invoker.invokeTestMethod(Invoker.java:901)
                        	at org.testng.internal.Invoker.invokeTestMethods(Invoker.java:1231)
                        	at org.testng.internal.TestMethodWorker.invokeTestMethods(TestMethodWorker.java:127)
                        	at org.testng.internal.TestMethodWorker.run(TestMethodWorker.java:111)
                        	at org.testng.TestRunner.privateRun(TestRunner.java:767)
                        	at org.testng.TestRunner.run(TestRunner.java:617)
                        	at org.testng.SuiteRunner.runTest(SuiteRunner.java:334)
                        	at org.testng.SuiteRunner.runSequentially(SuiteRunner.java:329)
                        	at org.testng.SuiteRunner.privateRun(SuiteRunner.java:291)
                        	at org.testng.SuiteRunner.run(SuiteRunner.java:240)
                        	at org.testng.SuiteRunnerWorker.runSuite(SuiteRunnerWorker.java:52)
                        	at org.testng.SuiteRunnerWorker.run(SuiteRunnerWorker.java:86)
                        	at org.testng.TestNG.runSuitesSequentially(TestNG.java:1224)
                        	at org.testng.TestNG.runSuitesLocally(TestNG.java:1149)
                        	at org.testng.TestNG.run(TestNG.java:1057)
                        	at org.testng.TestNG.privateMain(TestNG.java:1364)
                        	at org.testng.TestNG.main(TestNG.java:1333)
                        Caused by: org.openqa.selenium.remote.UnreachableBrowserException: Error communicating with the remote browser. It may have
                        died.
                        Build info: version: '2.43.0', revision: '597b76b', time: '2014-09-09 20:52:38'
                        System info: host: 'WS0122985', ip: '10.17.225.21', os.name: 'Windows 7', os.arch: 'amd64', os.version: '6.1', java.version:
                        '1.7.0_13'
                        Driver info: driver.version: FirefoxDriver
                        	at org.openqa.selenium.remote.RemoteWebDriver.execute(RemoteWebDriver.java:593)
                        	at org.openqa.selenium.firefox.FirefoxDriver.access$0(FirefoxDriver.java:1)
                        	at org.openqa.selenium.firefox.FirefoxDriver$1$1.implicitlyWait(FirefoxDriver.java:219)
                        	at com.hsn.util.Keywords.closeModals(Keywords.java:564)
                        	at com.hsn.util.Keywords.writeInInput(Keywords.java:1444)
                        	... 28 more
                        Caused by: java.net.SocketTimeoutException: Read timed out
                        	at java.net.SocketInputStream.socketRead0(Native Method)
                        	at java.net.SocketInputStream.read(SocketInputStream.java:150)
                        	at java.net.SocketInputStream.read(SocketInputStream.java:121)
                        	at org.apache.http.impl.conn.LoggingInputStream.read(LoggingInputStream.java:87)
                        	at org.apache.http.impl.io.SessionInputBufferImpl.streamRead(SessionInputBufferImpl.java:136)
                        	at org.apache.http.impl.io.SessionInputBufferImpl.fillBuffer(SessionInputBufferImpl.java:152)
                        	at org.apache.http.impl.io.SessionInputBufferImpl.readLine(SessionInputBufferImpl.java:270)
                        	at org.apache.http.impl.conn.DefaultHttpResponseParser.parseHead(DefaultHttpResponseParser.java:140)
                        	at org.apache.http.impl.conn.DefaultHttpResponseParser.parseHead(DefaultHttpResponseParser.java:57)
                        	at org.apache.http.impl.io.AbstractMessageParser.parse(AbstractMessageParser.java:260)
                        	at org.apache.http.impl.DefaultBHttpClientConnection.receiveResponseHeader(DefaultBHttpClientConnection.java:161)
                        	at org.apache.http.impl.conn.CPoolProxy.receiveResponseHeader(CPoolProxy.java:153)
                        	at org.apache.http.protocol.HttpRequestExecutor.doReceiveResponse(HttpRequestExecutor.java:271)
                        	at org.apache.http.protocol.HttpRequestExecutor.execute(HttpRequestExecutor.java:123)
                        	at org.apache.http.impl.execchain.MainClientExec.execute(MainClientExec.java:254)
                        	at org.apache.http.impl.execchain.ProtocolExec.execute(ProtocolExec.java:195)
                        	at org.apache.http.impl.execchain.RetryExec.execute(RetryExec.java:86)
                        	at org.apache.http.impl.execchain.RedirectExec.execute(RedirectExec.java:108)
                        	at org.apache.http.impl.client.InternalHttpClient.doExecute(InternalHttpClient.java:184)
                        	at org.apache.http.impl.client.CloseableHttpClient.execute(CloseableHttpClient.java:72)
                        	at org.apache.http.impl.client.CloseableHttpClient.execute(CloseableHttpClient.java:57)
                        	at org.openqa.selenium.remote.HttpCommandExecutor.fallBackExecute(HttpCommandExecutor.java:215)
                        	at org.openqa.selenium.remote.HttpCommandExecutor.execute(HttpCommandExecutor.java:184)
                        	at org.openqa.selenium.firefox.internal.NewProfileExtensionConnection.execute(NewProfileExtensionConnection.java:165)
                        	at org.openqa.selenium.firefox.FirefoxDriver$LazyCommandExecutor.execute(FirefoxDriver.java:364)
                        	at org.openqa.selenium.remote.RemoteWebDriver.execute(RemoteWebDriver.java:572)
                        	... 32 more
                     </pre>
                  </div>
               </td>
            </tr>
            <tr id="test.signinCheckoutExistingUserFlexPay_close_byClass_PASS2_row"
                class="testMethodStatusPASS testMethodStatusCONF">
               <td width="100%" class="firstMethodCell">
                  <a onclick="toggleDetailsVisibility('test.signinCheckoutExistingUserFlexPay_close_byClass_PASS2_details')">close()</a>
               </td>
               <td nowrap="true">19:36:18</td>
               <td nowrap="true" align="right">0 ms
                  
               </td>
               <td nowrap="true">
                   
                  
               </td>
            </tr>
            <tr>
               <td colspan="4" class="detailsBox">
                  <div id="test.signinCheckoutExistingUserFlexPay_close_byClass_PASS2_details"
                       class="testMethodDetails">
                     <div>
                        <b>Name: </b>close
                     </div>
                     <div>
                        <b>Signature: </b>close()[pri:0, instance:[signinCheckoutExistingUserFlexPay passed=0 failed=0 skipped=0]]
                     </div>
                     <div>
                        <b>Start time: </b>19:36:18
                     </div>
                     <div>
                        <b>End time: </b>19:36:18
                     </div>
                     <div>
                        <b>Duration: </b>0 ms
                        
                     </div>
                  </div>
               </td>
            </tr>
            <tr></tr>
         </table>
         <br></br>
      </div>
      <div style="margin-top: 15px; color: gray; text-align: center; font-size: 9px;">
         Generated with
         
         <a href="http://code.google.com/p/testng-xslt/" style="color: #8888aa;"
            target="_blank">
            TestNG XSLT
            
         </a>
      </div>
   </body>
</html>