<html xmlns:math="http://exslt.org/math" xmlns:testng="http://testng.org">
   <head>
      <title>TestNG Results</title>
      <meta http-equiv="content-type" content="text/html; charset=utf-8"></meta>
      <meta http-equiv="pragma" content="no-cache"></meta>
      <meta http-equiv="cache-control" content="max-age=0"></meta>
      <meta http-equiv="cache-control" content="no-cache"></meta>
      <meta http-equiv="cache-control" content="no-store"></meta>
      <LINK rel="stylesheet" href="style.css"></LINK>
      <script type="text/javascript" src="main.js"></script>
   </head>
   <body>
      <table width="100%" style="font-size: 16px; margin-bottom: 10px;" cellspacing="1">
         <tr>
            <td width="100%">
               All methods in suite
               
               <b>Default suite</b>
            </td>
            <td style="background-color: #FFBBBB; padding: 3px 3px 3px 0;" align="center">
               <div style="width: 50px;">1</div>
            </td>
            <td style="background-color: lightgreen; padding: 3px 3px 3px 0;" align="center">
               <div style="width: 50px;">3</div>
            </td>
            <td style="background-color: #FFFFBB; padding: 3px 3px 3px 0;" align="center">
               <div style="width: 50px;">0</div>
            </td>
            <td align="center" style="background-color: #eaf0f7; padding: 3px 3px 3px 0;">
               <div style="width: 50px;">4</div>
            </td>
            <td align="center"
                style="font-weight: bold; background-color: #eaf0f7; padding: 3px 3px 3px 0;">
               <div style="width: 50px;">75%</div>
            </td>
            <td style="background-color: #eaf0f7; padding: 3px 3px 3px 0;" align="center"
                nowrap="true">17m
               29s
               
            </td>
         </tr>
      </table>
      <div style="width: 200px;">
         <label for="groupMethodsCheckBox" style="font-weight: bold; margin: 0;">
            <input id="groupMethodsCheckBox" type="checkbox" onclick="switchTestMethodsView(this)"></input>
            Group by class
            
         </label>
         <br></br>
         <label for="methodsFilter_ALL" style="font-weight: bold; margin: 0;">
            <input id="methodsFilter_ALL" type="checkbox"
                   onclick="testMethodsFilterChanged(this, 'ALL')"></input>
            All
            
         </label>
      </div>
      <label for="methodsFilter_FAIL" style="margin-left: 20px;">
         <input id="methodsFilter_FAIL" type="checkbox"
                onclick="testMethodsFilterChanged(this, 'FAIL')"
                checked=""></input>
         Failed
         
      </label>
      <label for="methodsFilter_PASS">
         <input id="methodsFilter_PASS" type="checkbox"
                onclick="testMethodsFilterChanged(this, 'PASS')"
                checked=""></input>
         Passed
         
      </label>
      <label for="methodsFilter_SKIP">
         <input id="methodsFilter_SKIP" type="checkbox"
                onclick="testMethodsFilterChanged(this, 'SKIP')"
                checked=""></input>
         Skipped
         
      </label>
      <label for="methodsFilter_CONF">
         <input id="methodsFilter_CONF" type="checkbox"
                onclick="testMethodsFilterChanged(this, 'CONF')"></input>
         Config
         
      </label>
      <br></br>
      <div id="testMethodsByStatus">
         <table class="testMethodsTable" cellpadding="0" cellspacing="0">
            <tr class="methodsTableHeader">
               <td width="100%">Name</td>
               <td nowrap="true">Started</td>
               <td nowrap="true">Duration</td>
               <td>Exception</td>
            </tr>
            <tr id="test.CheckoutwithCreateAccount_do_CheckoutwithCreateAccount_byStatus_failed_FAIL1_row"
                class="testMethodStatusFAIL">
               <td width="100%" class="firstMethodCell">
                  <a onclick="toggleDetailsVisibility('test.CheckoutwithCreateAccount_do_CheckoutwithCreateAccount_byStatus_failed_FAIL1_details')">do_CheckoutwithCreateAccount({OrderIdUrl=https://qa1.hsn.com/cmr/order_confirm/default.aspx?_hdod=195126969, Browser=Safari,
                     PrimaryPhoneNumber=@key_CommonAccountPhoneNumber2, DataRow=2, GamificationAccountCreatedID='4afe5d45d15742d5b3f61a324b5da3c0',
                     GamificationSiteVisitedID='6f56d58ef21a4a909e82ba9af0e067f7', CCType=HSN, Result=true Timestamp: 2014-09-15T11:41:39-04:00,
                     Quantity=1, NumberOfFlexPayments=1, CustID='9e292a681a2f4362850909c1f96c1e2f', OrderType=SYNC, Report=CheckoutwithCreateAccount_Report,
                     PID=#key_PIDNoVariant, DataRunmode=Y, OrderId=1001143624, Email=@key_CommonAccountEmail2, SQL3=getGamificationAccountCreatedID,
                     SQL2=getGamificationSiteVisitedID, CCNum=5193707378280040, SQL1=getCustID})
                  </a>
               </td>
               <td nowrap="true">13:32:20</td>
               <td nowrap="true" align="right">2m
                  
               </td>
               <td nowrap="true">
                  <a onclick="toggleDetailsVisibility('test.CheckoutwithCreateAccount_do_CheckoutwithCreateAccount_byStatus_failed_FAIL1_exception')">java.lang.reflect.InvocationTargetException: </a>
                   
                  
               </td>
            </tr>
            <tr>
               <td colspan="4" class="detailsBox">
                  <div id="test.CheckoutwithCreateAccount_do_CheckoutwithCreateAccount_byStatus_failed_FAIL1_details"
                       class="testMethodDetails">
                     <div>
                        <b>Name: </b>do_CheckoutwithCreateAccount
                     </div>
                     <div>
                        <b>Signature: </b>do_CheckoutwithCreateAccount(java.util.Hashtable)[pri:0, instance:[CheckoutwithCreateAccount passed=0 failed=0 skipped=0]]
                     </div>
                     <div>
                        <b>Parameters: </b>
                        
                        {OrderIdUrl=https://qa1.hsn.com/cmr/order_confirm/default.aspx?_hdod=195126969, Browser=Safari, PrimaryPhoneNumber=@key_CommonAccountPhoneNumber2,
                        DataRow=2, GamificationAccountCreatedID='4afe5d45d15742d5b3f61a324b5da3c0', GamificationSiteVisitedID='6f56d58ef21a4a909e82ba9af0e067f7',
                        CCType=HSN, Result=true Timestamp: 2014-09-15T11:41:39-04:00, Quantity=1, NumberOfFlexPayments=1, CustID='9e292a681a2f4362850909c1f96c1e2f',
                        OrderType=SYNC, Report=CheckoutwithCreateAccount_Report, PID=#key_PIDNoVariant, DataRunmode=Y, OrderId=1001143624, Email=@key_CommonAccountEmail2,
                        SQL3=getGamificationAccountCreatedID, SQL2=getGamificationSiteVisitedID, CCNum=5193707378280040, SQL1=getCustID}
                        
                        
                     </div>
                     <div>
                        <b>Start time: </b>13:32:20
                     </div>
                     <div>
                        <b>End time: </b>13:34:20
                     </div>
                     <div>
                        <b>Duration: </b>2m
                        
                     </div>
                  </div>
               </td>
            </tr>
            <tr>
               <td colspan="4" class="detailsBox">
                  <div id="test.CheckoutwithCreateAccount_do_CheckoutwithCreateAccount_byStatus_failed_FAIL1_exception"
                       class="testMethodDetails">
                     <pre style="padding: 5px; margin: 0;">java.lang.reflect.InvocationTargetException
                        	at sun.reflect.NativeMethodAccessorImpl.invoke0(Native Method)
                        	at sun.reflect.NativeMethodAccessorImpl.invoke(Unknown Source)
                        	at sun.reflect.DelegatingMethodAccessorImpl.invoke(Unknown Source)
                        	at java.lang.reflect.Method.invoke(Unknown Source)
                        	at com.hsn.util.KeywordExecutor.ExecuteKeywords(KeywordExecutor.java:170)
                        	at test.CheckoutwithCreateAccount.do_CheckoutwithCreateAccount(CheckoutwithCreateAccount.java:38)
                        	at sun.reflect.NativeMethodAccessorImpl.invoke0(Native Method)
                        	at sun.reflect.NativeMethodAccessorImpl.invoke(Unknown Source)
                        	at sun.reflect.DelegatingMethodAccessorImpl.invoke(Unknown Source)
                        	at java.lang.reflect.Method.invoke(Unknown Source)
                        	at org.testng.internal.MethodInvocationHelper.invokeMethod(MethodInvocationHelper.java:84)
                        	at org.testng.internal.Invoker.invokeMethod(Invoker.java:714)
                        	at org.testng.internal.Invoker.invokeTestMethod(Invoker.java:901)
                        	at org.testng.internal.Invoker.invokeTestMethods(Invoker.java:1231)
                        	at org.testng.internal.TestMethodWorker.invokeTestMethods(TestMethodWorker.java:127)
                        	at org.testng.internal.TestMethodWorker.run(TestMethodWorker.java:111)
                        	at org.testng.TestRunner.privateRun(TestRunner.java:767)
                        	at org.testng.TestRunner.run(TestRunner.java:617)
                        	at org.testng.SuiteRunner.runTest(SuiteRunner.java:334)
                        	at org.testng.SuiteRunner.runSequentially(SuiteRunner.java:329)
                        	at org.testng.SuiteRunner.privateRun(SuiteRunner.java:291)
                        	at org.testng.SuiteRunner.run(SuiteRunner.java:240)
                        	at org.testng.SuiteRunnerWorker.runSuite(SuiteRunnerWorker.java:52)
                        	at org.testng.SuiteRunnerWorker.run(SuiteRunnerWorker.java:86)
                        	at org.testng.TestNG.runSuitesSequentially(TestNG.java:1224)
                        	at org.testng.TestNG.runSuitesLocally(TestNG.java:1149)
                        	at org.testng.TestNG.run(TestNG.java:1057)
                        	at org.testng.remote.RemoteTestNG.run(RemoteTestNG.java:111)
                        	at org.testng.remote.RemoteTestNG.initAndRun(RemoteTestNG.java:204)
                        	at org.testng.remote.RemoteTestNG.main(RemoteTestNG.java:175)
                        Caused by: org.openqa.selenium.remote.UnreachableBrowserException: Error communicating with the remote browser. It may have
                        died.
                        Build info: version: '2.43.0', revision: '597b76b', time: '2014-09-09 20:52:14'
                        System info: host: 'WS0122779', ip: '10.17.225.175', os.name: 'Windows 7', os.arch: 'amd64', os.version: '6.1', java.version:
                        '1.7.0_45'
                        Driver info: driver.version: RemoteWebDriver
                        	at org.openqa.selenium.remote.RemoteWebDriver.execute(RemoteWebDriver.java:593)
                        	at org.openqa.selenium.remote.RemoteWebDriver$RemoteWebDriverOptions$RemoteTimeouts.implicitlyWait(RemoteWebDriver.java:770)
                        	at com.hsn.util.Keywords.addProductToBag(Keywords.java:2712)
                        	... 30 more
                        Caused by: java.lang.IllegalStateException: Executor has not been started yet
                        	at com.google.common.base.Preconditions.checkState(Preconditions.java:150)
                        	at org.openqa.selenium.safari.SafariDriverCommandExecutor.execute(SafariDriverCommandExecutor.java:181)
                        	at org.openqa.selenium.remote.RemoteWebDriver.execute(RemoteWebDriver.java:572)
                        	... 32 more
                     </pre>
                  </div>
               </td>
            </tr>
            <tr id="test.CheckoutwithCreateAccount_do_CheckoutwithCreateAccount_byStatus_passed_PASS1_row"
                class="testMethodStatusPASS">
               <td width="100%" class="firstMethodCell">
                  <a onclick="toggleDetailsVisibility('test.CheckoutwithCreateAccount_do_CheckoutwithCreateAccount_byStatus_passed_PASS1_details')">do_CheckoutwithCreateAccount({OrderIdUrl=https://shopQA1.hsn.com/cmr/account_information.aspx?phonecm=False&amp;email=ovc140915114448%40qa1.com,
                     Browser=Safari, PrimaryPhoneNumber=@key_CommonAccountPhoneNumber1, DataRow=1, GamificationAccountCreatedID='', GamificationSiteVisitedID='',
                     CCType=HSN, Result=false Timestamp: 2014-09-15T13:04:02-04:00, Quantity=1, NumberOfFlexPayments=1, CustID='', OrderType=SYNC,
                     Report=CheckoutwithCreateAccount_Report, PID=#key_PIDNoVariant, DataRunmode=Y, OrderId=1001143622, Email=@key_CommonAccountEmail1,
                     SQL3=getGamificationAccountCreatedID, SQL2=getGamificationSiteVisitedID, CCNum=5193701307583178, SQL1=getCustID})
                  </a>
               </td>
               <td nowrap="true">13:27:15</td>
               <td nowrap="true" align="right">5m
                  5s
                  
               </td>
               <td nowrap="true">
                   
                  
               </td>
            </tr>
            <tr>
               <td colspan="4" class="detailsBox">
                  <div id="test.CheckoutwithCreateAccount_do_CheckoutwithCreateAccount_byStatus_passed_PASS1_details"
                       class="testMethodDetails">
                     <div>
                        <b>Name: </b>do_CheckoutwithCreateAccount
                     </div>
                     <div>
                        <b>Signature: </b>do_CheckoutwithCreateAccount(java.util.Hashtable)[pri:0, instance:[CheckoutwithCreateAccount passed=0 failed=0 skipped=0]]
                     </div>
                     <div>
                        <b>Parameters: </b>
                        
                        {OrderIdUrl=https://shopQA1.hsn.com/cmr/account_information.aspx?phonecm=False&amp;email=ovc140915114448%40qa1.com, Browser=Safari,
                        PrimaryPhoneNumber=@key_CommonAccountPhoneNumber1, DataRow=1, GamificationAccountCreatedID='', GamificationSiteVisitedID='',
                        CCType=HSN, Result=false Timestamp: 2014-09-15T13:04:02-04:00, Quantity=1, NumberOfFlexPayments=1, CustID='', OrderType=SYNC,
                        Report=CheckoutwithCreateAccount_Report, PID=#key_PIDNoVariant, DataRunmode=Y, OrderId=1001143622, Email=@key_CommonAccountEmail1,
                        SQL3=getGamificationAccountCreatedID, SQL2=getGamificationSiteVisitedID, CCNum=5193701307583178, SQL1=getCustID}
                        
                        
                     </div>
                     <div>
                        <b>Start time: </b>13:27:15
                     </div>
                     <div>
                        <b>End time: </b>13:32:20
                     </div>
                     <div>
                        <b>Duration: </b>5m
                        5s
                        
                     </div>
                  </div>
               </td>
            </tr>
            <tr></tr>
            <tr id="test.CheckoutwithCreateAccount_do_CheckoutwithCreateAccount_byStatus_passed_PASS2_row"
                class="testMethodStatusPASS">
               <td width="100%" class="firstMethodCell">
                  <a onclick="toggleDetailsVisibility('test.CheckoutwithCreateAccount_do_CheckoutwithCreateAccount_byStatus_passed_PASS2_details')">do_CheckoutwithCreateAccount({OrderIdUrl=https://qa1.hsn.com/cmr/order_confirm/default.aspx?_hdod=195126971, Browser=Safari,
                     PrimaryPhoneNumber=@key_CommonAccountPhoneNumber3, DataRow=3, GamificationAccountCreatedID='07092fe4d7264201b88d8a93f5a953f4',
                     GamificationSiteVisitedID='b5952b4a6d234c34b2926643633c6cdb', CCType=HSN, Result=true Timestamp: 2014-09-15T11:46:55-04:00,
                     Quantity=1, NumberOfFlexPayments=1, CustID='112d03cffa044be6bbcf493d5702ed35', OrderType=SYNC, Report=CheckoutwithCreateAccount_Report,
                     PID=#key_PIDNoVariant, DataRunmode=Y, OrderId=1001143625, Email=@key_CommonAccountEmail3, SQL3=getGamificationAccountCreatedID,
                     SQL2=getGamificationSiteVisitedID, CCNum=5193702085308713, SQL1=getCustID})
                  </a>
               </td>
               <td nowrap="true">13:34:20</td>
               <td nowrap="true" align="right">5m
                  24s
                  
               </td>
               <td nowrap="true">
                   
                  
               </td>
            </tr>
            <tr>
               <td colspan="4" class="detailsBox">
                  <div id="test.CheckoutwithCreateAccount_do_CheckoutwithCreateAccount_byStatus_passed_PASS2_details"
                       class="testMethodDetails">
                     <div>
                        <b>Name: </b>do_CheckoutwithCreateAccount
                     </div>
                     <div>
                        <b>Signature: </b>do_CheckoutwithCreateAccount(java.util.Hashtable)[pri:0, instance:[CheckoutwithCreateAccount passed=0 failed=0 skipped=0]]
                     </div>
                     <div>
                        <b>Parameters: </b>
                        
                        {OrderIdUrl=https://qa1.hsn.com/cmr/order_confirm/default.aspx?_hdod=195126971, Browser=Safari, PrimaryPhoneNumber=@key_CommonAccountPhoneNumber3,
                        DataRow=3, GamificationAccountCreatedID='07092fe4d7264201b88d8a93f5a953f4', GamificationSiteVisitedID='b5952b4a6d234c34b2926643633c6cdb',
                        CCType=HSN, Result=true Timestamp: 2014-09-15T11:46:55-04:00, Quantity=1, NumberOfFlexPayments=1, CustID='112d03cffa044be6bbcf493d5702ed35',
                        OrderType=SYNC, Report=CheckoutwithCreateAccount_Report, PID=#key_PIDNoVariant, DataRunmode=Y, OrderId=1001143625, Email=@key_CommonAccountEmail3,
                        SQL3=getGamificationAccountCreatedID, SQL2=getGamificationSiteVisitedID, CCNum=5193702085308713, SQL1=getCustID}
                        
                        
                     </div>
                     <div>
                        <b>Start time: </b>13:34:20
                     </div>
                     <div>
                        <b>End time: </b>13:39:45
                     </div>
                     <div>
                        <b>Duration: </b>5m
                        24s
                        
                     </div>
                  </div>
               </td>
            </tr>
            <tr></tr>
            <tr id="test.CheckoutwithCreateAccount_do_CheckoutwithCreateAccount_byStatus_passed_PASS3_row"
                class="testMethodStatusPASS">
               <td width="100%" class="firstMethodCell">
                  <a onclick="toggleDetailsVisibility('test.CheckoutwithCreateAccount_do_CheckoutwithCreateAccount_byStatus_passed_PASS3_details')">do_CheckoutwithCreateAccount({OrderIdUrl=https://shopQA1.hsn.com/cmr/account_information.aspx?phonecm=False&amp;email=ovc140915114448%40qa1.com,
                     Browser=Safari, PrimaryPhoneNumber=@key_CommonAccountPhoneNumber4, DataRow=4, GamificationAccountCreatedID='', GamificationSiteVisitedID='',
                     CCType=HSN, Result=false Timestamp: 2014-09-15T11:54:01-04:00, Quantity=1, NumberOfFlexPayments=1, CustID='', OrderType=SYNC,
                     Report=CheckoutwithCreateAccount_Report, PID=#key_PIDNoVariant, DataRunmode=Y, OrderId=1001143224, Email=@key_CommonAccountEmail4,
                     SQL3=getGamificationAccountCreatedID, SQL2=getGamificationSiteVisitedID, CCNum=5193707135106405, SQL1=getCustID})
                  </a>
               </td>
               <td nowrap="true">13:39:45</td>
               <td nowrap="true" align="right">5m
                  58s
                  
               </td>
               <td nowrap="true">
                   
                  
               </td>
            </tr>
            <tr>
               <td colspan="4" class="detailsBox">
                  <div id="test.CheckoutwithCreateAccount_do_CheckoutwithCreateAccount_byStatus_passed_PASS3_details"
                       class="testMethodDetails">
                     <div>
                        <b>Name: </b>do_CheckoutwithCreateAccount
                     </div>
                     <div>
                        <b>Signature: </b>do_CheckoutwithCreateAccount(java.util.Hashtable)[pri:0, instance:[CheckoutwithCreateAccount passed=0 failed=0 skipped=0]]
                     </div>
                     <div>
                        <b>Parameters: </b>
                        
                        {OrderIdUrl=https://shopQA1.hsn.com/cmr/account_information.aspx?phonecm=False&amp;email=ovc140915114448%40qa1.com, Browser=Safari,
                        PrimaryPhoneNumber=@key_CommonAccountPhoneNumber4, DataRow=4, GamificationAccountCreatedID='', GamificationSiteVisitedID='',
                        CCType=HSN, Result=false Timestamp: 2014-09-15T11:54:01-04:00, Quantity=1, NumberOfFlexPayments=1, CustID='', OrderType=SYNC,
                        Report=CheckoutwithCreateAccount_Report, PID=#key_PIDNoVariant, DataRunmode=Y, OrderId=1001143224, Email=@key_CommonAccountEmail4,
                        SQL3=getGamificationAccountCreatedID, SQL2=getGamificationSiteVisitedID, CCNum=5193707135106405, SQL1=getCustID}
                        
                        
                     </div>
                     <div>
                        <b>Start time: </b>13:39:45
                     </div>
                     <div>
                        <b>End time: </b>13:44:42
                     </div>
                     <div>
                        <b>Duration: </b>5m
                        58s
                        
                     </div>
                  </div>
               </td>
            </tr>
            <tr></tr>
            <tr id="test.CheckoutwithCreateAccount_close_byStatus_passed_PASS4_row"
                class="testMethodStatusPASS testMethodStatusCONF">
               <td width="100%" class="firstMethodCell">
                  <a onclick="toggleDetailsVisibility('test.CheckoutwithCreateAccount_close_byStatus_passed_PASS4_details')">close()</a>
               </td>
               <td nowrap="true">13:44:42</td>
               <td nowrap="true" align="right">0 ms
                  
               </td>
               <td nowrap="true">
                   
                  
               </td>
            </tr>
            <tr>
               <td colspan="4" class="detailsBox">
                  <div id="test.CheckoutwithCreateAccount_close_byStatus_passed_PASS4_details"
                       class="testMethodDetails">
                     <div>
                        <b>Name: </b>close
                     </div>
                     <div>
                        <b>Signature: </b>close()[pri:0, instance:[CheckoutwithCreateAccount passed=0 failed=0 skipped=0]]
                     </div>
                     <div>
                        <b>Start time: </b>13:44:42
                     </div>
                     <div>
                        <b>End time: </b>13:44:42
                     </div>
                     <div>
                        <b>Duration: </b>0 ms
                        
                     </div>
                  </div>
               </td>
            </tr>
            <tr></tr>
         </table>
      </div>
      <div id="testMethodsByClass" style="display: none;">
         <table class="testMethodsTable" cellpadding="0" cellspacing="0">
            <tr>
               <td colspan="4">
                  <h3 style="display: inline;">test.CheckoutwithCreateAccount</h3>
               </td>
            </tr>
            <tr class="methodsTableHeader">
               <td width="100%">Name</td>
               <td nowrap="true">Started</td>
               <td nowrap="true">Duration</td>
               <td>Exception</td>
            </tr>
            <tr id="test.CheckoutwithCreateAccount_do_CheckoutwithCreateAccount_byClass_PASS1_row"
                class="testMethodStatusPASS">
               <td width="100%" class="firstMethodCell">
                  <a onclick="toggleDetailsVisibility('test.CheckoutwithCreateAccount_do_CheckoutwithCreateAccount_byClass_PASS1_details')">do_CheckoutwithCreateAccount({OrderIdUrl=https://shopQA1.hsn.com/cmr/account_information.aspx?phonecm=False&amp;email=ovc140915114448%40qa1.com,
                     Browser=Safari, PrimaryPhoneNumber=@key_CommonAccountPhoneNumber1, DataRow=1, GamificationAccountCreatedID='', GamificationSiteVisitedID='',
                     CCType=HSN, Result=false Timestamp: 2014-09-15T13:04:02-04:00, Quantity=1, NumberOfFlexPayments=1, CustID='', OrderType=SYNC,
                     Report=CheckoutwithCreateAccount_Report, PID=#key_PIDNoVariant, DataRunmode=Y, OrderId=1001143622, Email=@key_CommonAccountEmail1,
                     SQL3=getGamificationAccountCreatedID, SQL2=getGamificationSiteVisitedID, CCNum=5193701307583178, SQL1=getCustID})
                  </a>
               </td>
               <td nowrap="true">13:27:15</td>
               <td nowrap="true" align="right">5m
                  5s
                  
               </td>
               <td nowrap="true">
                   
                  
               </td>
            </tr>
            <tr>
               <td colspan="4" class="detailsBox">
                  <div id="test.CheckoutwithCreateAccount_do_CheckoutwithCreateAccount_byClass_PASS1_details"
                       class="testMethodDetails">
                     <div>
                        <b>Name: </b>do_CheckoutwithCreateAccount
                     </div>
                     <div>
                        <b>Signature: </b>do_CheckoutwithCreateAccount(java.util.Hashtable)[pri:0, instance:[CheckoutwithCreateAccount passed=0 failed=0 skipped=0]]
                     </div>
                     <div>
                        <b>Parameters: </b>
                        
                        {OrderIdUrl=https://shopQA1.hsn.com/cmr/account_information.aspx?phonecm=False&amp;email=ovc140915114448%40qa1.com, Browser=Safari,
                        PrimaryPhoneNumber=@key_CommonAccountPhoneNumber1, DataRow=1, GamificationAccountCreatedID='', GamificationSiteVisitedID='',
                        CCType=HSN, Result=false Timestamp: 2014-09-15T13:04:02-04:00, Quantity=1, NumberOfFlexPayments=1, CustID='', OrderType=SYNC,
                        Report=CheckoutwithCreateAccount_Report, PID=#key_PIDNoVariant, DataRunmode=Y, OrderId=1001143622, Email=@key_CommonAccountEmail1,
                        SQL3=getGamificationAccountCreatedID, SQL2=getGamificationSiteVisitedID, CCNum=5193701307583178, SQL1=getCustID}
                        
                        
                     </div>
                     <div>
                        <b>Start time: </b>13:27:15
                     </div>
                     <div>
                        <b>End time: </b>13:32:20
                     </div>
                     <div>
                        <b>Duration: </b>5m
                        5s
                        
                     </div>
                  </div>
               </td>
            </tr>
            <tr></tr>
            <tr id="test.CheckoutwithCreateAccount_do_CheckoutwithCreateAccount_byClass_FAIL2_row"
                class="testMethodStatusFAIL">
               <td width="100%" class="firstMethodCell">
                  <a onclick="toggleDetailsVisibility('test.CheckoutwithCreateAccount_do_CheckoutwithCreateAccount_byClass_FAIL2_details')">do_CheckoutwithCreateAccount({OrderIdUrl=https://qa1.hsn.com/cmr/order_confirm/default.aspx?_hdod=195126969, Browser=Safari,
                     PrimaryPhoneNumber=@key_CommonAccountPhoneNumber2, DataRow=2, GamificationAccountCreatedID='4afe5d45d15742d5b3f61a324b5da3c0',
                     GamificationSiteVisitedID='6f56d58ef21a4a909e82ba9af0e067f7', CCType=HSN, Result=true Timestamp: 2014-09-15T11:41:39-04:00,
                     Quantity=1, NumberOfFlexPayments=1, CustID='9e292a681a2f4362850909c1f96c1e2f', OrderType=SYNC, Report=CheckoutwithCreateAccount_Report,
                     PID=#key_PIDNoVariant, DataRunmode=Y, OrderId=1001143624, Email=@key_CommonAccountEmail2, SQL3=getGamificationAccountCreatedID,
                     SQL2=getGamificationSiteVisitedID, CCNum=5193707378280040, SQL1=getCustID})
                  </a>
               </td>
               <td nowrap="true">13:32:20</td>
               <td nowrap="true" align="right">2m
                  
               </td>
               <td nowrap="true">
                  <a onclick="toggleDetailsVisibility('test.CheckoutwithCreateAccount_do_CheckoutwithCreateAccount_byClass_FAIL2_exception')">java.lang.reflect.InvocationTargetException: </a>
                   
                  
               </td>
            </tr>
            <tr>
               <td colspan="4" class="detailsBox">
                  <div id="test.CheckoutwithCreateAccount_do_CheckoutwithCreateAccount_byClass_FAIL2_details"
                       class="testMethodDetails">
                     <div>
                        <b>Name: </b>do_CheckoutwithCreateAccount
                     </div>
                     <div>
                        <b>Signature: </b>do_CheckoutwithCreateAccount(java.util.Hashtable)[pri:0, instance:[CheckoutwithCreateAccount passed=0 failed=0 skipped=0]]
                     </div>
                     <div>
                        <b>Parameters: </b>
                        
                        {OrderIdUrl=https://qa1.hsn.com/cmr/order_confirm/default.aspx?_hdod=195126969, Browser=Safari, PrimaryPhoneNumber=@key_CommonAccountPhoneNumber2,
                        DataRow=2, GamificationAccountCreatedID='4afe5d45d15742d5b3f61a324b5da3c0', GamificationSiteVisitedID='6f56d58ef21a4a909e82ba9af0e067f7',
                        CCType=HSN, Result=true Timestamp: 2014-09-15T11:41:39-04:00, Quantity=1, NumberOfFlexPayments=1, CustID='9e292a681a2f4362850909c1f96c1e2f',
                        OrderType=SYNC, Report=CheckoutwithCreateAccount_Report, PID=#key_PIDNoVariant, DataRunmode=Y, OrderId=1001143624, Email=@key_CommonAccountEmail2,
                        SQL3=getGamificationAccountCreatedID, SQL2=getGamificationSiteVisitedID, CCNum=5193707378280040, SQL1=getCustID}
                        
                        
                     </div>
                     <div>
                        <b>Start time: </b>13:32:20
                     </div>
                     <div>
                        <b>End time: </b>13:34:20
                     </div>
                     <div>
                        <b>Duration: </b>2m
                        
                     </div>
                  </div>
               </td>
            </tr>
            <tr>
               <td colspan="4" class="detailsBox">
                  <div id="test.CheckoutwithCreateAccount_do_CheckoutwithCreateAccount_byClass_FAIL2_exception"
                       class="testMethodDetails">
                     <pre style="padding: 5px; margin: 0;">java.lang.reflect.InvocationTargetException
                        	at sun.reflect.NativeMethodAccessorImpl.invoke0(Native Method)
                        	at sun.reflect.NativeMethodAccessorImpl.invoke(Unknown Source)
                        	at sun.reflect.DelegatingMethodAccessorImpl.invoke(Unknown Source)
                        	at java.lang.reflect.Method.invoke(Unknown Source)
                        	at com.hsn.util.KeywordExecutor.ExecuteKeywords(KeywordExecutor.java:170)
                        	at test.CheckoutwithCreateAccount.do_CheckoutwithCreateAccount(CheckoutwithCreateAccount.java:38)
                        	at sun.reflect.NativeMethodAccessorImpl.invoke0(Native Method)
                        	at sun.reflect.NativeMethodAccessorImpl.invoke(Unknown Source)
                        	at sun.reflect.DelegatingMethodAccessorImpl.invoke(Unknown Source)
                        	at java.lang.reflect.Method.invoke(Unknown Source)
                        	at org.testng.internal.MethodInvocationHelper.invokeMethod(MethodInvocationHelper.java:84)
                        	at org.testng.internal.Invoker.invokeMethod(Invoker.java:714)
                        	at org.testng.internal.Invoker.invokeTestMethod(Invoker.java:901)
                        	at org.testng.internal.Invoker.invokeTestMethods(Invoker.java:1231)
                        	at org.testng.internal.TestMethodWorker.invokeTestMethods(TestMethodWorker.java:127)
                        	at org.testng.internal.TestMethodWorker.run(TestMethodWorker.java:111)
                        	at org.testng.TestRunner.privateRun(TestRunner.java:767)
                        	at org.testng.TestRunner.run(TestRunner.java:617)
                        	at org.testng.SuiteRunner.runTest(SuiteRunner.java:334)
                        	at org.testng.SuiteRunner.runSequentially(SuiteRunner.java:329)
                        	at org.testng.SuiteRunner.privateRun(SuiteRunner.java:291)
                        	at org.testng.SuiteRunner.run(SuiteRunner.java:240)
                        	at org.testng.SuiteRunnerWorker.runSuite(SuiteRunnerWorker.java:52)
                        	at org.testng.SuiteRunnerWorker.run(SuiteRunnerWorker.java:86)
                        	at org.testng.TestNG.runSuitesSequentially(TestNG.java:1224)
                        	at org.testng.TestNG.runSuitesLocally(TestNG.java:1149)
                        	at org.testng.TestNG.run(TestNG.java:1057)
                        	at org.testng.remote.RemoteTestNG.run(RemoteTestNG.java:111)
                        	at org.testng.remote.RemoteTestNG.initAndRun(RemoteTestNG.java:204)
                        	at org.testng.remote.RemoteTestNG.main(RemoteTestNG.java:175)
                        Caused by: org.openqa.selenium.remote.UnreachableBrowserException: Error communicating with the remote browser. It may have
                        died.
                        Build info: version: '2.43.0', revision: '597b76b', time: '2014-09-09 20:52:14'
                        System info: host: 'WS0122779', ip: '10.17.225.175', os.name: 'Windows 7', os.arch: 'amd64', os.version: '6.1', java.version:
                        '1.7.0_45'
                        Driver info: driver.version: RemoteWebDriver
                        	at org.openqa.selenium.remote.RemoteWebDriver.execute(RemoteWebDriver.java:593)
                        	at org.openqa.selenium.remote.RemoteWebDriver$RemoteWebDriverOptions$RemoteTimeouts.implicitlyWait(RemoteWebDriver.java:770)
                        	at com.hsn.util.Keywords.addProductToBag(Keywords.java:2712)
                        	... 30 more
                        Caused by: java.lang.IllegalStateException: Executor has not been started yet
                        	at com.google.common.base.Preconditions.checkState(Preconditions.java:150)
                        	at org.openqa.selenium.safari.SafariDriverCommandExecutor.execute(SafariDriverCommandExecutor.java:181)
                        	at org.openqa.selenium.remote.RemoteWebDriver.execute(RemoteWebDriver.java:572)
                        	... 32 more
                     </pre>
                  </div>
               </td>
            </tr>
            <tr id="test.CheckoutwithCreateAccount_do_CheckoutwithCreateAccount_byClass_PASS3_row"
                class="testMethodStatusPASS">
               <td width="100%" class="firstMethodCell">
                  <a onclick="toggleDetailsVisibility('test.CheckoutwithCreateAccount_do_CheckoutwithCreateAccount_byClass_PASS3_details')">do_CheckoutwithCreateAccount({OrderIdUrl=https://qa1.hsn.com/cmr/order_confirm/default.aspx?_hdod=195126971, Browser=Safari,
                     PrimaryPhoneNumber=@key_CommonAccountPhoneNumber3, DataRow=3, GamificationAccountCreatedID='07092fe4d7264201b88d8a93f5a953f4',
                     GamificationSiteVisitedID='b5952b4a6d234c34b2926643633c6cdb', CCType=HSN, Result=true Timestamp: 2014-09-15T11:46:55-04:00,
                     Quantity=1, NumberOfFlexPayments=1, CustID='112d03cffa044be6bbcf493d5702ed35', OrderType=SYNC, Report=CheckoutwithCreateAccount_Report,
                     PID=#key_PIDNoVariant, DataRunmode=Y, OrderId=1001143625, Email=@key_CommonAccountEmail3, SQL3=getGamificationAccountCreatedID,
                     SQL2=getGamificationSiteVisitedID, CCNum=5193702085308713, SQL1=getCustID})
                  </a>
               </td>
               <td nowrap="true">13:34:20</td>
               <td nowrap="true" align="right">5m
                  24s
                  
               </td>
               <td nowrap="true">
                   
                  
               </td>
            </tr>
            <tr>
               <td colspan="4" class="detailsBox">
                  <div id="test.CheckoutwithCreateAccount_do_CheckoutwithCreateAccount_byClass_PASS3_details"
                       class="testMethodDetails">
                     <div>
                        <b>Name: </b>do_CheckoutwithCreateAccount
                     </div>
                     <div>
                        <b>Signature: </b>do_CheckoutwithCreateAccount(java.util.Hashtable)[pri:0, instance:[CheckoutwithCreateAccount passed=0 failed=0 skipped=0]]
                     </div>
                     <div>
                        <b>Parameters: </b>
                        
                        {OrderIdUrl=https://qa1.hsn.com/cmr/order_confirm/default.aspx?_hdod=195126971, Browser=Safari, PrimaryPhoneNumber=@key_CommonAccountPhoneNumber3,
                        DataRow=3, GamificationAccountCreatedID='07092fe4d7264201b88d8a93f5a953f4', GamificationSiteVisitedID='b5952b4a6d234c34b2926643633c6cdb',
                        CCType=HSN, Result=true Timestamp: 2014-09-15T11:46:55-04:00, Quantity=1, NumberOfFlexPayments=1, CustID='112d03cffa044be6bbcf493d5702ed35',
                        OrderType=SYNC, Report=CheckoutwithCreateAccount_Report, PID=#key_PIDNoVariant, DataRunmode=Y, OrderId=1001143625, Email=@key_CommonAccountEmail3,
                        SQL3=getGamificationAccountCreatedID, SQL2=getGamificationSiteVisitedID, CCNum=5193702085308713, SQL1=getCustID}
                        
                        
                     </div>
                     <div>
                        <b>Start time: </b>13:34:20
                     </div>
                     <div>
                        <b>End time: </b>13:39:45
                     </div>
                     <div>
                        <b>Duration: </b>5m
                        24s
                        
                     </div>
                  </div>
               </td>
            </tr>
            <tr></tr>
            <tr id="test.CheckoutwithCreateAccount_do_CheckoutwithCreateAccount_byClass_PASS4_row"
                class="testMethodStatusPASS">
               <td width="100%" class="firstMethodCell">
                  <a onclick="toggleDetailsVisibility('test.CheckoutwithCreateAccount_do_CheckoutwithCreateAccount_byClass_PASS4_details')">do_CheckoutwithCreateAccount({OrderIdUrl=https://shopQA1.hsn.com/cmr/account_information.aspx?phonecm=False&amp;email=ovc140915114448%40qa1.com,
                     Browser=Safari, PrimaryPhoneNumber=@key_CommonAccountPhoneNumber4, DataRow=4, GamificationAccountCreatedID='', GamificationSiteVisitedID='',
                     CCType=HSN, Result=false Timestamp: 2014-09-15T11:54:01-04:00, Quantity=1, NumberOfFlexPayments=1, CustID='', OrderType=SYNC,
                     Report=CheckoutwithCreateAccount_Report, PID=#key_PIDNoVariant, DataRunmode=Y, OrderId=1001143224, Email=@key_CommonAccountEmail4,
                     SQL3=getGamificationAccountCreatedID, SQL2=getGamificationSiteVisitedID, CCNum=5193707135106405, SQL1=getCustID})
                  </a>
               </td>
               <td nowrap="true">13:39:45</td>
               <td nowrap="true" align="right">5m
                  58s
                  
               </td>
               <td nowrap="true">
                   
                  
               </td>
            </tr>
            <tr>
               <td colspan="4" class="detailsBox">
                  <div id="test.CheckoutwithCreateAccount_do_CheckoutwithCreateAccount_byClass_PASS4_details"
                       class="testMethodDetails">
                     <div>
                        <b>Name: </b>do_CheckoutwithCreateAccount
                     </div>
                     <div>
                        <b>Signature: </b>do_CheckoutwithCreateAccount(java.util.Hashtable)[pri:0, instance:[CheckoutwithCreateAccount passed=0 failed=0 skipped=0]]
                     </div>
                     <div>
                        <b>Parameters: </b>
                        
                        {OrderIdUrl=https://shopQA1.hsn.com/cmr/account_information.aspx?phonecm=False&amp;email=ovc140915114448%40qa1.com, Browser=Safari,
                        PrimaryPhoneNumber=@key_CommonAccountPhoneNumber4, DataRow=4, GamificationAccountCreatedID='', GamificationSiteVisitedID='',
                        CCType=HSN, Result=false Timestamp: 2014-09-15T11:54:01-04:00, Quantity=1, NumberOfFlexPayments=1, CustID='', OrderType=SYNC,
                        Report=CheckoutwithCreateAccount_Report, PID=#key_PIDNoVariant, DataRunmode=Y, OrderId=1001143224, Email=@key_CommonAccountEmail4,
                        SQL3=getGamificationAccountCreatedID, SQL2=getGamificationSiteVisitedID, CCNum=5193707135106405, SQL1=getCustID}
                        
                        
                     </div>
                     <div>
                        <b>Start time: </b>13:39:45
                     </div>
                     <div>
                        <b>End time: </b>13:44:42
                     </div>
                     <div>
                        <b>Duration: </b>5m
                        58s
                        
                     </div>
                  </div>
               </td>
            </tr>
            <tr></tr>
            <tr id="test.CheckoutwithCreateAccount_close_byClass_PASS5_row"
                class="testMethodStatusPASS testMethodStatusCONF">
               <td width="100%" class="firstMethodCell">
                  <a onclick="toggleDetailsVisibility('test.CheckoutwithCreateAccount_close_byClass_PASS5_details')">close()</a>
               </td>
               <td nowrap="true">13:44:42</td>
               <td nowrap="true" align="right">0 ms
                  
               </td>
               <td nowrap="true">
                   
                  
               </td>
            </tr>
            <tr>
               <td colspan="4" class="detailsBox">
                  <div id="test.CheckoutwithCreateAccount_close_byClass_PASS5_details"
                       class="testMethodDetails">
                     <div>
                        <b>Name: </b>close
                     </div>
                     <div>
                        <b>Signature: </b>close()[pri:0, instance:[CheckoutwithCreateAccount passed=0 failed=0 skipped=0]]
                     </div>
                     <div>
                        <b>Start time: </b>13:44:42
                     </div>
                     <div>
                        <b>End time: </b>13:44:42
                     </div>
                     <div>
                        <b>Duration: </b>0 ms
                        
                     </div>
                  </div>
               </td>
            </tr>
            <tr></tr>
         </table>
         <br></br>
      </div>
      <div style="margin-top: 15px; color: gray; text-align: center; font-size: 9px;">
         Generated with
         
         <a href="http://code.google.com/p/testng-xslt/" style="color: #8888aa;"
            target="_blank">
            TestNG XSLT
            
         </a>
      </div>
   </body>
</html>