<?xml version="1.0" encoding="UTF-8"?>
<!-- Generated by org.testng.reporters.JUnitXMLReporter -->
<testsuite hostname="WS0123553" name="calling SearchByKeyword" tests="3" failures="0" timestamp="19 Aug 2013 20:00:39 GMT" time="0.188" errors="0">
  <testcase name="do_SearchByKeyword" time="0.062" classname="test.SearchByKeyword"/>
  <testcase name="do_SearchByKeyword" time="0.047" classname="test.SearchByKeyword"/>
  <testcase name="do_SearchByKeyword" time="0.032" classname="test.SearchByKeyword"/>
</testsuite> <!-- calling SearchByKeyword -->
