<?xml version="1.0" encoding="UTF-8"?>
<!-- Generated by org.testng.reporters.JUnitXMLReporter -->
<testsuite hostname="WS0123553" name="calling test.CheckoutwithCreateAccount" tests="3" failures="0" timestamp="19 Aug 2013 20:00:38 GMT" time="254.664" errors="0">
  <testcase name="do_CheckoutwithCreateAccount" time="253.057" classname="test.CheckoutwithCreateAccount"/>
  <testcase name="do_CheckoutwithCreateAccount" time="0.05" classname="test.CheckoutwithCreateAccount">
    <skipped/>
  </testcase> <!-- do_CheckoutwithCreateAccount -->
  <testcase name="do_CheckoutwithCreateAccount" time="0.059" classname="test.CheckoutwithCreateAccount">
    <skipped/>
  </testcase> <!-- do_CheckoutwithCreateAccount -->
</testsuite> <!-- calling test.CheckoutwithCreateAccount -->
