<?xml version="1.0" encoding="UTF-8"?>
<!-- Generated by org.testng.reporters.JUnitXMLReporter -->
<testsuite hostname="WS0122985" name="calling OrderReveiwEditBillingAddress" tests="1" failures="0" timestamp="19 Nov 2014 21:00:37 GMT" time="253.069" errors="0">
  <testcase name="do_OrderReveiwEditBillingAddress on [OrderReveiwEditBillingAddress passed=0 failed=0 skipped=0]" time="252.991" classname="test.OrderReveiwEditBillingAddress"/>
</testsuite> <!-- calling OrderReveiwEditBillingAddress -->
