<?xml version="1.0" encoding="UTF-8"?>
<!-- Generated by org.testng.reporters.JUnitXMLReporter -->
<testsuite hostname="WS0122985" name="calling CheckoutwithCreateAccount" tests="4" failures="0" timestamp="19 Nov 2014 19:23:01 GMT" time="1267.524" errors="0">
  <testcase name="do_CheckoutwithCreateAccount on [CheckoutwithCreateAccount passed=0 failed=0 skipped=0]" time="326.5" classname="test.CheckoutwithCreateAccount"/>
  <testcase name="do_CheckoutwithCreateAccount on [CheckoutwithCreateAccount passed=0 failed=0 skipped=0]" time="310.026" classname="test.CheckoutwithCreateAccount"/>
  <testcase name="do_CheckoutwithCreateAccount on [CheckoutwithCreateAccount passed=0 failed=0 skipped=0]" time="321.318" classname="test.CheckoutwithCreateAccount"/>
  <testcase name="do_CheckoutwithCreateAccount on [CheckoutwithCreateAccount passed=0 failed=0 skipped=0]" time="308.295" classname="test.CheckoutwithCreateAccount"/>
</testsuite> <!-- calling CheckoutwithCreateAccount -->
