<?xml version="1.0" encoding="UTF-8"?>
<!-- Generated by org.testng.reporters.JUnitXMLReporter -->
<testsuite hostname="WS0122985" name="calling ExchangeVariantItem" tests="1" failures="0" timestamp="20 Nov 2014 01:48:21 GMT" time="0.149" errors="0">
  <testcase name="do_ExchangeVariantItem on [ExchangeVariantItem passed=0 failed=0 skipped=0]" time="0.068" classname="test.ExchangeVariantItem">
    <skipped/>
  </testcase> <!-- do_ExchangeVariantItem on [ExchangeVariantItem passed=0 failed=0 skipped=0] -->
</testsuite> <!-- calling ExchangeVariantItem -->
