<?xml version="1.0" encoding="UTF-8"?>
<!-- Generated by org.testng.reporters.JUnitXMLReporter -->
<testsuite hostname="WS0122985" name="calling test.CheckoutwithCreateAccount" tests="3" failures="0" timestamp="21 Aug 2013 18:10:16 GMT" time="1.077" errors="0">
  <testcase name="do_CheckoutwithCreateAccount" time="0.172" classname="test.CheckoutwithCreateAccount">
    <skipped/>
  </testcase> <!-- do_CheckoutwithCreateAccount -->
  <testcase name="do_CheckoutwithCreateAccount" time="0.125" classname="test.CheckoutwithCreateAccount">
    <skipped/>
  </testcase> <!-- do_CheckoutwithCreateAccount -->
  <testcase name="do_CheckoutwithCreateAccount" time="0.078" classname="test.CheckoutwithCreateAccount">
    <skipped/>
  </testcase> <!-- do_CheckoutwithCreateAccount -->
</testsuite> <!-- calling test.CheckoutwithCreateAccount -->
