<?xml version="1.0" encoding="UTF-8"?>
<!-- Generated by org.testng.reporters.JUnitXMLReporter -->
<testsuite hostname="WS0122779" name="calling CancelOrder_ExistingUser" tests="3" failures="1" timestamp="4 Nov 2013 12:24:39 GMT" time="1.193" errors="0">
  <testcase name="do_CancelOrder_ExistingUser on [CancelOrder_ExistingUser passed=0 failed=0 skipped=0]" time="1.057" classname="test.CancelOrder_ExistingUser">
    <failure type="java.lang.reflect.InvocationTargetException">
      <![CDATA[java.lang.reflect.InvocationTargetException
	at com.hsn.util.KeywordExecutor.ExecuteKeywords(KeywordExecutor.java:141)
	at test.CancelOrder_ExistingUser.do_CancelOrder_ExistingUser(CancelOrder_ExistingUser.java:47)
Caused by: org.openqa.selenium.remote.UnreachableBrowserException: Error communicating with the remote browser. It may have died.
Build info: version: '2.31.0', revision: '1bd294d', time: '2013-02-27 20:53:56'
System info: os.name: 'Windows 7', os.arch: 'amd64', os.version: '6.1', java.version: '1.7.0_45'
Driver info: driver.version: RemoteWebDriver
	at org.openqa.selenium.remote.RemoteWebDriver.execute(RemoteWebDriver.java:548)
	at org.openqa.selenium.remote.RemoteWebDriver.get(RemoteWebDriver.java:276)
	at org.openqa.selenium.remote.RemoteWebDriver$RemoteNavigation.to(RemoteWebDriver.java:800)
	at com.hsn.util.Keywords.navigate(Keywords.java:202)
	... 29 more
Caused by: org.apache.http.conn.HttpHostConnectException: Connection to http://127.0.0.1:7055 refused
	at org.apache.http.impl.conn.DefaultClientConnectionOperator.openConnection(DefaultClientConnectionOperator.java:190)
	at org.apache.http.impl.conn.AbstractPoolEntry.open(AbstractPoolEntry.java:151)
	at org.apache.http.impl.conn.AbstractPooledConnAdapter.open(AbstractPooledConnAdapter.java:125)
	at org.apache.http.impl.client.DefaultRequestDirector.tryConnect(DefaultRequestDirector.java:640)
	at org.apache.http.impl.client.DefaultRequestDirector.execute(DefaultRequestDirector.java:479)
	at org.apache.http.impl.client.AbstractHttpClient.execute(AbstractHttpClient.java:906)
	at org.openqa.selenium.remote.HttpCommandExecutor.fallBackExecute(HttpCommandExecutor.java:316)
	at org.openqa.selenium.remote.HttpCommandExecutor.execute(HttpCommandExecutor.java:295)
	at org.openqa.selenium.firefox.internal.NewProfileExtensionConnection.execute(NewProfileExtensionConnection.java:133)
	at org.openqa.selenium.firefox.FirefoxDriver$LazyCommandExecutor.execute(FirefoxDriver.java:355)
	at org.openqa.selenium.remote.RemoteWebDriver.execute(RemoteWebDriver.java:527)
	... 32 more
Caused by: java.net.ConnectException: Connection refused: connect
	at java.net.DualStackPlainSocketImpl.waitForConnect(Native Method)
	at java.net.DualStackPlainSocketImpl.socketConnect(DualStackPlainSocketImpl.java:85)
	at java.net.AbstractPlainSocketImpl.doConnect(AbstractPlainSocketImpl.java:339)
	at java.net.AbstractPlainSocketImpl.connectToAddress(AbstractPlainSocketImpl.java:200)
	at java.net.AbstractPlainSocketImpl.connect(AbstractPlainSocketImpl.java:182)
	at java.net.PlainSocketImpl.connect(PlainSocketImpl.java:172)
	at java.net.SocksSocketImpl.connect(SocksSocketImpl.java:392)
	at java.net.Socket.connect(Socket.java:579)
	at org.apache.http.conn.scheme.PlainSocketFactory.connectSocket(PlainSocketFactory.java:127)
	at org.apache.http.impl.conn.DefaultClientConnectionOperator.openConnection(DefaultClientConnectionOperator.java:180)
	... 42 more
... Removed 27 stack frames]]>
    </failure>
  </testcase> <!-- do_CancelOrder_ExistingUser on [CancelOrder_ExistingUser passed=0 failed=0 skipped=0] -->
  <testcase name="do_CancelOrder_ExistingUser on [CancelOrder_ExistingUser passed=0 failed=0 skipped=0]" time="0.044" classname="test.CancelOrder_ExistingUser">
    <skipped/>
  </testcase> <!-- do_CancelOrder_ExistingUser on [CancelOrder_ExistingUser passed=0 failed=0 skipped=0] -->
  <testcase name="do_CancelOrder_ExistingUser on [CancelOrder_ExistingUser passed=0 failed=0 skipped=0]" time="0.043" classname="test.CancelOrder_ExistingUser">
    <skipped/>
  </testcase> <!-- do_CancelOrder_ExistingUser on [CancelOrder_ExistingUser passed=0 failed=0 skipped=0] -->
</testsuite> <!-- calling CancelOrder_ExistingUser -->
