<?xml version="1.0" encoding="UTF-8"?>
<!-- Generated by org.testng.reporters.JUnitXMLReporter -->
<testsuite hostname="WS0122985" name="calling CheckoutWithLightUserColdState" tests="1" failures="0" timestamp="19 Nov 2014 20:42:42 GMT" time="312.131" errors="0">
  <testcase name="do_CheckoutWithLightUserColdState on [CheckoutWithLightUserColdState passed=0 failed=0 skipped=0]" time="312.049" classname="test.CheckoutWithLightUserColdState"/>
</testsuite> <!-- calling CheckoutWithLightUserColdState -->
