<?xml version="1.0" encoding="UTF-8"?>
<!-- Generated by org.testng.reporters.JUnitXMLReporter -->
<testsuite hostname="WS0122985" name="calling OrderReveiwEditPaymentmethodNewCC" tests="1" failures="0" timestamp="20 Nov 2014 00:57:18 GMT" time="267.798" errors="0">
  <testcase name="do_OrderReveiwEditPaymentmethodNewCC on [OrderReveiwEditPaymentmethodNewCC passed=0 failed=0 skipped=0]" time="267.731" classname="test.OrderReveiwEditPaymentmethodNewCC"/>
</testsuite> <!-- calling OrderReveiwEditPaymentmethodNewCC -->
