<?xml version="1.0" encoding="UTF-8"?>
<!-- Generated by org.testng.reporters.JUnitXMLReporter -->
<testsuite hostname="WS0122985" name="calling signinApplyGiftCardCheckoutExistingUser" tests="1" failures="0" timestamp="19 Nov 2014 20:16:53 GMT" time="267.859" errors="0">
  <testcase name="do_signinApplyGiftCardCheckoutExistingUser on [signinApplyGiftCardCheckoutExistingUser passed=0 failed=0 skipped=0]" time="267.778" classname="test.signinApplyGiftCardCheckoutExistingUser"/>
</testsuite> <!-- calling signinApplyGiftCardCheckoutExistingUser -->
