<?xml version="1.0" encoding="UTF-8"?>
<!-- Generated by org.testng.reporters.JUnitXMLReporter -->
<testsuite hostname="WS0122985" name="calling ExchangeRegularItem" tests="1" failures="0" timestamp="20 Nov 2014 01:48:21 GMT" time="0.147" errors="0">
  <testcase name="do_ExchangeRegularItem on [ExchangeRegularItem passed=0 failed=0 skipped=0]" time="0.069" classname="test.ExchangeRegularItem">
    <skipped/>
  </testcase> <!-- do_ExchangeRegularItem on [ExchangeRegularItem passed=0 failed=0 skipped=0] -->
</testsuite> <!-- calling ExchangeRegularItem -->
