<?xml version="1.0" encoding="UTF-8"?>
<!-- Generated by org.testng.reporters.JUnitXMLReporter -->
<testsuite hostname="WS0122985" name="calling OrderReveiwEditShippingAddress" tests="1" failures="0" timestamp="19 Nov 2014 21:09:45 GMT" time="266.107" errors="0">
  <testcase name="do_OrderReveiwEditShippingAddress on [OrderReveiwEditShippingAddress passed=0 failed=0 skipped=0]" time="266.041" classname="test.OrderReveiwEditShippingAddress"/>
</testsuite> <!-- calling OrderReveiwEditShippingAddress -->
