<?xml version="1.0" encoding="UTF-8"?>
<!-- Generated by org.testng.reporters.JUnitXMLReporter -->
<testsuite hostname="WS0122985" name="calling signinCheckoutExistingUserAutoShip" tests="1" failures="0" timestamp="19 Nov 2014 21:33:00 GMT" time="198.757" errors="0">
  <testcase name="do_signinCheckoutExistingUserAutoShip on [signinCheckoutExistingUserAutoShip passed=0 failed=0 skipped=0]" time="198.682" classname="test.signinCheckoutExistingUserAutoShip"/>
</testsuite> <!-- calling signinCheckoutExistingUserAutoShip -->
