<?xml version="1.0" encoding="UTF-8"?>
<!-- Generated by org.testng.reporters.JUnitXMLReporter -->
<testsuite hostname="WS0122985" name="calling signinCheckoutExistingMatrixItem" tests="1" failures="0" timestamp="20 Nov 2014 00:43:25 GMT" time="205.653" errors="0">
  <testcase name="do_signinCheckoutExistingMatrixItem on [signinCheckoutExistingMatrixItem passed=0 failed=0 skipped=0]" time="205.588" classname="test.signinCheckoutExistingMatrixItem"/>
</testsuite> <!-- calling signinCheckoutExistingMatrixItem -->
