<?xml version="1.0" encoding="UTF-8"?>
<!-- Generated by org.testng.reporters.JUnitXMLReporter -->
<testsuite hostname="WS0122985" name="calling OrderReveiwEditPhoneNumberLTL" tests="1" failures="0" timestamp="19 Nov 2014 21:05:19 GMT" time="281.139" errors="0">
  <testcase name="do_OrderReveiwEditPhoneNumberLTL on [OrderReveiwEditPhoneNumberLTL passed=0 failed=0 skipped=0]" time="281.05" classname="test.OrderReveiwEditPhoneNumberLTL"/>
</testsuite> <!-- calling OrderReveiwEditPhoneNumberLTL -->
