<?xml version="1.0" encoding="UTF-8"?>
<!-- Generated by org.testng.reporters.JUnitXMLReporter -->
<testsuite hostname="WS0122779" name="calling OrderReveiwEditPaymentmethod" tests="2" failures="0" timestamp="4 Nov 2013 14:14:35 GMT" time="254.68" errors="0">
  <testcase name="do_OrderReveiwEditPaymentmethod on [OrderReveiwEditPaymentmethod passed=0 failed=0 skipped=0]" time="254.601" classname="test.OrderReveiwEditPaymentmethod"/>
  <testcase name="do_OrderReveiwEditPaymentmethod on [OrderReveiwEditPaymentmethod passed=0 failed=0 skipped=0]" time="0.041" classname="test.OrderReveiwEditPaymentmethod">
    <skipped/>
  </testcase> <!-- do_OrderReveiwEditPaymentmethod on [OrderReveiwEditPaymentmethod passed=0 failed=0 skipped=0] -->
</testsuite> <!-- calling OrderReveiwEditPaymentmethod -->
