<?xml version="1.0" encoding="UTF-8"?>
<!-- Generated by org.testng.reporters.JUnitXMLReporter -->
<testsuite hostname="WS0122985" name="calling SearchByKeyword" tests="2" failures="0" timestamp="19 Nov 2014 21:22:21 GMT" time="105.295" errors="0">
  <testcase name="do_SearchByKeyword on [SearchByKeyword passed=0 failed=0 skipped=0]" time="53.073" classname="test.SearchByKeyword"/>
  <testcase name="do_SearchByKeyword on [SearchByKeyword passed=0 failed=0 skipped=0]" time="52.133" classname="test.SearchByKeyword"/>
</testsuite> <!-- calling SearchByKeyword -->
