<?xml version="1.0" encoding="UTF-8"?>
<!-- Generated by org.testng.reporters.JUnitXMLReporter -->
<testsuite hostname="WS0122985" name="calling signinCheckoutExistingUserColdState" tests="1" failures="0" timestamp="20 Nov 2014 00:39:59 GMT" time="220.776" errors="0">
  <testcase name="do_signinCheckoutExistingUserColdState on [signinCheckoutExistingUserColdState passed=0 failed=0 skipped=0]" time="220.702" classname="test.signinCheckoutExistingUserColdState"/>
</testsuite> <!-- calling signinCheckoutExistingUserColdState -->
