<?xml version="1.0" encoding="UTF-8"?>
<!-- Generated by org.testng.reporters.JUnitXMLReporter -->
<testsuite hostname="WS0122985" name="calling MobileCheckoutWithCreateAccount" tests="1" failures="0" timestamp="20 Nov 2014 01:52:35 GMT" time="253.854" errors="0">
  <testcase name="do_MobileCheckoutWithCreateAccount on [MobileCheckoutWithCreateAccount passed=0 failed=0 skipped=0]" time="253.781" classname="test.MobileCheckoutWithCreateAccount"/>
</testsuite> <!-- calling MobileCheckoutWithCreateAccount -->
