<?xml version="1.0" encoding="UTF-8"?>
<!-- Generated by org.testng.reporters.JUnitXMLReporter -->
<testsuite hostname="WS0122985" name="calling AccountUpdatePaymentMethodPaypal" tests="1" failures="0" timestamp="20 Nov 2014 01:07:34 GMT" time="143.161" errors="0">
  <testcase name="do_AccountUpdatePaymentMethodPaypal on [AccountUpdatePaymentMethodPaypal passed=0 failed=0 skipped=0]" time="143.084" classname="test.AccountUpdatePaymentMethodPaypal"/>
</testsuite> <!-- calling AccountUpdatePaymentMethodPaypal -->
