<?xml version="1.0" encoding="UTF-8"?>
<!-- Generated by org.testng.reporters.JUnitXMLReporter -->
<testsuite hostname="WS0122985" name="calling OrderReveiwEditPaymentmethodNewDebitCard" tests="1" failures="0" timestamp="20 Nov 2014 01:01:46 GMT" time="268.56" errors="0">
  <testcase name="do_OrderReveiwEditPaymentmethodNewDebitCard on [OrderReveiwEditPaymentmethodNewDebitCard passed=0 failed=0 skipped=0]" time="268.491" classname="test.OrderReveiwEditPaymentmethodNewDebitCard"/>
</testsuite> <!-- calling OrderReveiwEditPaymentmethodNewDebitCard -->
