<?xml version="1.0" encoding="UTF-8"?>
<!-- Generated by org.testng.reporters.JUnitXMLReporter -->
<testsuite hostname="WS0122985" name="calling AccountUpdate_AddressInformation" tests="1" failures="0" timestamp="19 Nov 2014 19:45:35 GMT" time="215.109" errors="0">
  <testcase name="do_AccountUpdate_AddressInformation on [AccountUpdate_AddressInformation passed=0 failed=0 skipped=0]" time="215.038" classname="test.AccountUpdate_AddressInformation"/>
</testsuite> <!-- calling AccountUpdate_AddressInformation -->
