<?xml version="1.0" encoding="UTF-8"?>
<!-- Generated by org.testng.reporters.JUnitXMLReporter -->
<testsuite hostname="WS0122985" name="calling CheckoutWithDonation" tests="1" failures="0" timestamp="19 Nov 2014 20:21:12 GMT" time="0.154" errors="0">
  <testcase name="do_CheckoutWithDonation on [CheckoutWithDonation passed=0 failed=0 skipped=0]" time="0.085" classname="test.CheckoutWithDonation">
    <skipped/>
  </testcase> <!-- do_CheckoutWithDonation on [CheckoutWithDonation passed=0 failed=0 skipped=0] -->
</testsuite> <!-- calling CheckoutWithDonation -->
