<?xml version="1.0" encoding="UTF-8"?>
<!-- Generated by org.testng.reporters.JUnitXMLReporter -->
<testsuite hostname="WS0122985" name="calling signinApplyKashCheckoutExistingUser" tests="1" failures="0" timestamp="19 Nov 2014 20:12:25 GMT" time="274.074" errors="0">
  <testcase name="do_signinApplyKashCheckoutExistingUser on [signinApplyKashCheckoutExistingUser passed=0 failed=0 skipped=0]" time="273.995" classname="test.signinApplyKashCheckoutExistingUser"/>
</testsuite> <!-- calling signinApplyKashCheckoutExistingUser -->
