<?xml version="1.0" encoding="UTF-8"?>
<!-- Generated by org.testng.reporters.JUnitXMLReporter -->
<testsuite hostname="WS0122985" name="calling BagPageEditVariant" tests="1" failures="1" timestamp="19 Nov 2014 19:56:29 GMT" time="60.36" errors="0">
  <testcase name="do_BagPageEditVariant on [BagPageEditVariant passed=0 failed=0 skipped=0]" time="60.279" classname="test.BagPageEditVariant">
    <failure type="java.lang.reflect.InvocationTargetException">
      <![CDATA[java.lang.reflect.InvocationTargetException
	at com.hsn.util.KeywordExecutor.ExecuteKeywords(KeywordExecutor.java:116)
	at test.BagPageEditVariant.do_BagPageEditVariant(BagPageEditVariant.java:38)
Caused by: org.openqa.selenium.remote.SessionNotFoundException: The FirefoxDriver cannot be used after quit() was called.
Build info: version: '2.43.0', revision: '597b76b', time: '2014-09-09 20:52:38'
System info: host: 'WS0122985', ip: '10.17.225.21', os.name: 'Windows 7', os.arch: 'amd64', os.version: '6.1', java.version: '1.7.0_13'
Driver info: driver.version: FirefoxDriver
	at org.openqa.selenium.firefox.FirefoxDriver$LazyCommandExecutor.execute(FirefoxDriver.java:361)
	at org.openqa.selenium.remote.RemoteWebDriver.execute(RemoteWebDriver.java:572)
	at org.openqa.selenium.firefox.FirefoxDriver.access$0(FirefoxDriver.java:1)
	at org.openqa.selenium.firefox.FirefoxDriver$1$1.implicitlyWait(FirefoxDriver.java:219)
	at com.hsn.util.Keywords.closeModalsFast(Keywords.java:591)
	at com.hsn.util.Keywords.addProductToBag(Keywords.java:2751)
	... 29 more
... Removed 27 stack frames]]>
    </failure>
  </testcase> <!-- do_BagPageEditVariant on [BagPageEditVariant passed=0 failed=0 skipped=0] -->
</testsuite> <!-- calling BagPageEditVariant -->
