<?xml version="1.0" encoding="UTF-8"?>
<!-- Generated by org.testng.reporters.JUnitXMLReporter -->
<testsuite hostname="WS0122985" name="calling AccountUpdate_BillingInformation" tests="1" failures="0" timestamp="19 Nov 2014 19:42:00 GMT" time="153.31" errors="0">
  <testcase name="do_AccountUpdate_BillingInformation on [AccountUpdate_BillingInformation passed=0 failed=0 skipped=0]" time="153.241" classname="test.AccountUpdate_BillingInformation"/>
</testsuite> <!-- calling AccountUpdate_BillingInformation -->
