<?xml version="1.0" encoding="UTF-8"?>
<!-- Generated by org.testng.reporters.JUnitXMLReporter -->
<testsuite hostname="WS0123553" name="calling test one" tests="3" failures="0" timestamp="15 Aug 2013 21:55:14 GMT" time="1.189" errors="0">
  <testcase name="do_CheckoutwithCreateAccount" time="0.156" classname="test.CheckoutwithCreateAccount">
    <skipped/>
  </testcase> <!-- do_CheckoutwithCreateAccount -->
  <testcase name="do_CheckoutwithCreateAccount" time="0.13" classname="test.CheckoutwithCreateAccount">
    <skipped/>
  </testcase> <!-- do_CheckoutwithCreateAccount -->
  <testcase name="do_CheckoutwithCreateAccount" time="0.139" classname="test.CheckoutwithCreateAccount">
    <skipped/>
  </testcase> <!-- do_CheckoutwithCreateAccount -->
</testsuite> <!-- calling test one -->
